2025-06-23 09:22:32,551 - INFO - \U0001f680 Scraping started at 2025-06-23 09:22:32
2025-06-23 09:22:34,863 - INFO - patching driver executable C:\Users\jimoh\appdata\roaming\undetected_chromedriver\undetected_chromedriver.exe
2025-06-23 09:22:40,882 - INFO - \U0001f310 Navigated to https://conspicuous.com/jobs/
2025-06-23 09:22:41,945 - INFO - \u2705 Job listings loaded successfully.
2025-06-23 09:22:41,945 - INFO - \U0001f4c4 On page 1 (scraping logic can be added here)
2025-06-23 09:22:42,054 - INFO - \u27a1\ufe0f Clicked forward arrow to go to next page.
2025-06-23 09:22:45,089 - INFO - \U0001f4c4 On page 2 (scraping logic can be added here)
2025-06-23 09:22:45,196 - INFO - \u27a1\ufe0f Clicked forward arrow to go to next page.
2025-06-23 09:22:48,269 - INFO - \U0001f4c4 On page 3 (scraping logic can be added here)
2025-06-23 09:22:48,415 - INFO - \u27a1\ufe0f Clicked forward arrow to go to next page.
2025-06-23 09:22:51,439 - INFO - \U0001f4c4 On page 4 (scraping logic can be added here)
2025-06-23 09:22:51,532 - INFO - \u27a1\ufe0f Clicked forward arrow to go to next page.
2025-06-23 09:22:54,555 - INFO - \U0001f4c4 On page 5 (scraping logic can be added here)
2025-06-23 09:22:54,647 - INFO - \u27a1\ufe0f Clicked forward arrow to go to next page.
2025-06-23 09:22:57,693 - INFO - \U0001f4c4 On page 6 (scraping logic can be added here)
2025-06-23 09:22:57,820 - INFO - \u27a1\ufe0f Clicked forward arrow to go to next page.
2025-06-23 09:23:00,873 - INFO - \U0001f4c4 On page 7 (scraping logic can be added here)
2025-06-23 09:23:00,969 - INFO - \u27a1\ufe0f Clicked forward arrow to go to next page.
2025-06-23 09:23:03,992 - INFO - \U0001f4c4 On page 8 (scraping logic can be added here)
2025-06-23 09:23:04,097 - INFO - \u27a1\ufe0f Clicked forward arrow to go to next page.
2025-06-23 09:23:07,134 - INFO - \U0001f4c4 On page 9 (scraping logic can be added here)
2025-06-23 09:23:07,238 - INFO - \u27a1\ufe0f Clicked forward arrow to go to next page.
2025-06-23 09:23:10,271 - INFO - \U0001f4c4 On page 10 (scraping logic can be added here)
2025-06-23 09:23:10,367 - INFO - \u27a1\ufe0f Clicked forward arrow to go to next page.
2025-06-23 09:23:13,384 - INFO - \U0001f4c4 On page 11 (scraping logic can be added here)
2025-06-23 09:23:13,475 - INFO - \u27a1\ufe0f Clicked forward arrow to go to next page.
2025-06-23 09:23:16,514 - INFO - \U0001f4c4 On page 12 (scraping logic can be added here)
2025-06-23 09:23:16,630 - INFO - \u27a1\ufe0f Clicked forward arrow to go to next page.
2025-06-23 09:23:19,661 - INFO - \U0001f4c4 On page 13 (scraping logic can be added here)
2025-06-23 09:23:19,769 - INFO - \u27a1\ufe0f Clicked forward arrow to go to next page.
2025-06-23 09:23:22,818 - INFO - \U0001f4c4 On page 14 (scraping logic can be added here)
2025-06-23 09:23:22,966 - INFO - \u27a1\ufe0f Clicked forward arrow to go to next page.
2025-06-23 09:23:25,988 - INFO - \U0001f4c4 On page 15 (scraping logic can be added here)
2025-06-23 09:23:26,085 - INFO - \u27a1\ufe0f Clicked forward arrow to go to next page.
2025-06-23 09:23:29,132 - INFO - \U0001f4c4 On page 16 (scraping logic can be added here)
2025-06-23 09:23:29,224 - INFO - \u27a1\ufe0f Clicked forward arrow to go to next page.
2025-06-23 09:23:32,279 - INFO - \U0001f4c4 On page 17 (scraping logic can be added here)
2025-06-23 09:23:32,402 - INFO - \u27a1\ufe0f Clicked forward arrow to go to next page.
2025-06-23 09:23:35,426 - INFO - \U0001f4c4 On page 18 (scraping logic can be added here)
2025-06-23 09:23:35,523 - INFO - \u27a1\ufe0f Clicked forward arrow to go to next page.
2025-06-23 09:23:38,570 - INFO - \U0001f4c4 On page 19 (scraping logic can be added here)
2025-06-23 09:23:38,656 - INFO - \u27a1\ufe0f Clicked forward arrow to go to next page.
2025-06-23 09:23:41,677 - INFO - \U0001f4c4 On page 20 (scraping logic can be added here)
2025-06-23 09:23:41,770 - INFO - \u27a1\ufe0f Clicked forward arrow to go to next page.
2025-06-23 09:23:44,816 - INFO - \U0001f4c4 On page 21 (scraping logic can be added here)
2025-06-23 09:23:44,919 - INFO - \u27a1\ufe0f Clicked forward arrow to go to next page.
2025-06-23 09:23:47,954 - INFO - \U0001f4c4 On page 22 (scraping logic can be added here)
2025-06-23 09:23:48,061 - INFO - \u27a1\ufe0f Clicked forward arrow to go to next page.
2025-06-23 09:23:51,085 - INFO - \U0001f4c4 On page 23 (scraping logic can be added here)
2025-06-23 09:23:51,175 - INFO - \u27a1\ufe0f Clicked forward arrow to go to next page.
2025-06-23 09:23:54,225 - INFO - \U0001f4c4 On page 24 (scraping logic can be added here)
2025-06-23 09:23:54,352 - INFO - \u27a1\ufe0f Clicked forward arrow to go to next page.
2025-06-23 09:23:57,391 - INFO - \U0001f4c4 On page 25 (scraping logic can be added here)
2025-06-23 09:23:57,511 - INFO - \u27a1\ufe0f Clicked forward arrow to go to next page.
2025-06-23 09:24:00,545 - INFO - \U0001f4c4 On page 26 (scraping logic can be added here)
2025-06-23 09:24:00,650 - INFO - \u27a1\ufe0f Clicked forward arrow to go to next page.
2025-06-23 09:24:03,684 - INFO - \U0001f4c4 On page 27 (scraping logic can be added here)
2025-06-23 09:24:03,770 - INFO - \u27a1\ufe0f Clicked forward arrow to go to next page.
2025-06-23 09:24:06,807 - INFO - \U0001f4c4 On page 28 (scraping logic can be added here)
2025-06-23 09:24:06,903 - INFO - \u27a1\ufe0f Clicked forward arrow to go to next page.
2025-06-23 09:24:09,926 - INFO - \U0001f4c4 On page 29 (scraping logic can be added here)
2025-06-23 09:24:10,016 - INFO - \u27a1\ufe0f Clicked forward arrow to go to next page.
2025-06-23 09:24:13,076 - INFO - \U0001f4c4 On page 30 (scraping logic can be added here)
2025-06-23 09:24:13,131 - INFO - \U0001f6d1 No forward arrow found; last page reached.
2025-06-23 09:24:13,132 - INFO - \u2705 Pagination complete.
2025-06-23 09:24:13,431 - INFO - \U0001f3c1 Scraping finished at 2025-06-23 09:24:13 (Duration: 100.88 seconds)
2025-06-23 09:26:45,396 - INFO - \U0001f680 Scraping started at 2025-06-23 09:26:45
2025-06-23 09:26:47,426 - INFO - patching driver executable C:\Users\jimoh\appdata\roaming\undetected_chromedriver\undetected_chromedriver.exe
2025-06-23 09:26:52,956 - INFO - \U0001f310 Navigated to https://conspicuous.com/jobs/
2025-06-23 09:26:52,978 - INFO - \U0001f4c4 Scraping page 1...
2025-06-23 09:26:53,583 - INFO - \u26a0\ufe0f Error parsing job card: Message: no such element: Unable to locate element: {"method":"css selector","selector":".job-company"}
  (Session info: chrome=137.0.7151.120); For documentation on this error, please visit: https://www.selenium.dev/documentation/webdriver/troubleshooting/errors#no-such-element-exception
Stacktrace:
	GetHandleVerifier [0x0xd13b03+62899]
	GetHandleVerifier [0x0xd13b44+62964]
	(No symbol) [0x0xb410f3]
	(No symbol) [0x0xb8980e]
	(No symbol) [0x0xb89bab]
	(No symbol) [0x0xb7ef51]
	(No symbol) [0x0xbae554]
	(No symbol) [0x0xb7ee74]
	(No symbol) [0x0xbae784]
	(No symbol) [0x0xbcfd81]
	(No symbol) [0x0xbae306]
	(No symbol) [0x0xb7d670]
	(No symbol) [0x0xb7e4e4]
	GetHandleVerifier [0x0xf74793+2556483]
	GetHandleVerifier [0x0xf6fd02+2537394]
	GetHandleVerifier [0x0xd3a2fa+220586]
	GetHandleVerifier [0x0xd2aae8+157080]
	GetHandleVerifier [0x0xd3141d+184013]
	GetHandleVerifier [0x0xd1ba68+95512]
	GetHandleVerifier [0x0xd1bc10+95936]
	GetHandleVerifier [0x0xd06b5a+9738]
	BaseThreadInitThunk [0x0x75ab7ba9+25]
	RtlInitializeExceptionChain [0x0x76eec3ab+107]
	RtlClearBits [0x0x76eec32f+191]

2025-06-23 09:26:53,612 - INFO - \u26a0\ufe0f Error parsing job card: Message: no such element: Unable to locate element: {"method":"css selector","selector":".job-company"}
  (Session info: chrome=137.0.7151.120); For documentation on this error, please visit: https://www.selenium.dev/documentation/webdriver/troubleshooting/errors#no-such-element-exception
Stacktrace:
	GetHandleVerifier [0x0xd13b03+62899]
	GetHandleVerifier [0x0xd13b44+62964]
	(No symbol) [0x0xb410f3]
	(No symbol) [0x0xb8980e]
	(No symbol) [0x0xb89bab]
	(No symbol) [0x0xb7ef51]
	(No symbol) [0x0xbae554]
	(No symbol) [0x0xb7ee74]
	(No symbol) [0x0xbae784]
	(No symbol) [0x0xbcfd81]
	(No symbol) [0x0xbae306]
	(No symbol) [0x0xb7d670]
	(No symbol) [0x0xb7e4e4]
	GetHandleVerifier [0x0xf74793+2556483]
	GetHandleVerifier [0x0xf6fd02+2537394]
	GetHandleVerifier [0x0xd3a2fa+220586]
	GetHandleVerifier [0x0xd2aae8+157080]
	GetHandleVerifier [0x0xd3141d+184013]
	GetHandleVerifier [0x0xd1ba68+95512]
	GetHandleVerifier [0x0xd1bc10+95936]
	GetHandleVerifier [0x0xd06b5a+9738]
	BaseThreadInitThunk [0x0x75ab7ba9+25]
	RtlInitializeExceptionChain [0x0x76eec3ab+107]
	RtlClearBits [0x0x76eec32f+191]

2025-06-23 09:26:53,642 - INFO - \u26a0\ufe0f Error parsing job card: Message: no such element: Unable to locate element: {"method":"css selector","selector":".job-company"}
  (Session info: chrome=137.0.7151.120); For documentation on this error, please visit: https://www.selenium.dev/documentation/webdriver/troubleshooting/errors#no-such-element-exception
Stacktrace:
	GetHandleVerifier [0x0xd13b03+62899]
	GetHandleVerifier [0x0xd13b44+62964]
	(No symbol) [0x0xb410f3]
	(No symbol) [0x0xb8980e]
	(No symbol) [0x0xb89bab]
	(No symbol) [0x0xb7ef51]
	(No symbol) [0x0xbae554]
	(No symbol) [0x0xb7ee74]
	(No symbol) [0x0xbae784]
	(No symbol) [0x0xbcfd81]
	(No symbol) [0x0xbae306]
	(No symbol) [0x0xb7d670]
	(No symbol) [0x0xb7e4e4]
	GetHandleVerifier [0x0xf74793+2556483]
	GetHandleVerifier [0x0xf6fd02+2537394]
	GetHandleVerifier [0x0xd3a2fa+220586]
	GetHandleVerifier [0x0xd2aae8+157080]
	GetHandleVerifier [0x0xd3141d+184013]
	GetHandleVerifier [0x0xd1ba68+95512]
	GetHandleVerifier [0x0xd1bc10+95936]
	GetHandleVerifier [0x0xd06b5a+9738]
	BaseThreadInitThunk [0x0x75ab7ba9+25]
	RtlInitializeExceptionChain [0x0x76eec3ab+107]
	RtlClearBits [0x0x76eec32f+191]

2025-06-23 09:26:53,672 - INFO - \u26a0\ufe0f Error parsing job card: Message: no such element: Unable to locate element: {"method":"css selector","selector":".job-company"}
  (Session info: chrome=137.0.7151.120); For documentation on this error, please visit: https://www.selenium.dev/documentation/webdriver/troubleshooting/errors#no-such-element-exception
Stacktrace:
	GetHandleVerifier [0x0xd13b03+62899]
	GetHandleVerifier [0x0xd13b44+62964]
	(No symbol) [0x0xb410f3]
	(No symbol) [0x0xb8980e]
	(No symbol) [0x0xb89bab]
	(No symbol) [0x0xb7ef51]
	(No symbol) [0x0xbae554]
	(No symbol) [0x0xb7ee74]
	(No symbol) [0x0xbae784]
	(No symbol) [0x0xbcfd81]
	(No symbol) [0x0xbae306]
	(No symbol) [0x0xb7d670]
	(No symbol) [0x0xb7e4e4]
	GetHandleVerifier [0x0xf74793+2556483]
	GetHandleVerifier [0x0xf6fd02+2537394]
	GetHandleVerifier [0x0xd3a2fa+220586]
	GetHandleVerifier [0x0xd2aae8+157080]
	GetHandleVerifier [0x0xd3141d+184013]
	GetHandleVerifier [0x0xd1ba68+95512]
	GetHandleVerifier [0x0xd1bc10+95936]
	GetHandleVerifier [0x0xd06b5a+9738]
	BaseThreadInitThunk [0x0x75ab7ba9+25]
	RtlInitializeExceptionChain [0x0x76eec3ab+107]
	RtlClearBits [0x0x76eec32f+191]

2025-06-23 09:26:53,733 - INFO - \u26a0\ufe0f Error parsing job card: Message: no such element: Unable to locate element: {"method":"css selector","selector":".job-company"}
  (Session info: chrome=137.0.7151.120); For documentation on this error, please visit: https://www.selenium.dev/documentation/webdriver/troubleshooting/errors#no-such-element-exception
Stacktrace:
	GetHandleVerifier [0x0xd13b03+62899]
	GetHandleVerifier [0x0xd13b44+62964]
	(No symbol) [0x0xb410f3]
	(No symbol) [0x0xb8980e]
	(No symbol) [0x0xb89bab]
	(No symbol) [0x0xb7ef51]
	(No symbol) [0x0xbae554]
	(No symbol) [0x0xb7ee74]
	(No symbol) [0x0xbae784]
	(No symbol) [0x0xbcfd81]
	(No symbol) [0x0xbae306]
	(No symbol) [0x0xb7d670]
	(No symbol) [0x0xb7e4e4]
	GetHandleVerifier [0x0xf74793+2556483]
	GetHandleVerifier [0x0xf6fd02+2537394]
	GetHandleVerifier [0x0xd3a2fa+220586]
	GetHandleVerifier [0x0xd2aae8+157080]
	GetHandleVerifier [0x0xd3141d+184013]
	GetHandleVerifier [0x0xd1ba68+95512]
	GetHandleVerifier [0x0xd1bc10+95936]
	GetHandleVerifier [0x0xd06b5a+9738]
	BaseThreadInitThunk [0x0x75ab7ba9+25]
	RtlInitializeExceptionChain [0x0x76eec3ab+107]
	RtlClearBits [0x0x76eec32f+191]

2025-06-23 09:26:53,756 - INFO - \u26a0\ufe0f Error parsing job card: Message: no such element: Unable to locate element: {"method":"css selector","selector":".job-company"}
  (Session info: chrome=137.0.7151.120); For documentation on this error, please visit: https://www.selenium.dev/documentation/webdriver/troubleshooting/errors#no-such-element-exception
Stacktrace:
	GetHandleVerifier [0x0xd13b03+62899]
	GetHandleVerifier [0x0xd13b44+62964]
	(No symbol) [0x0xb410f3]
	(No symbol) [0x0xb8980e]
	(No symbol) [0x0xb89bab]
	(No symbol) [0x0xb7ef51]
	(No symbol) [0x0xbae554]
	(No symbol) [0x0xb7ee74]
	(No symbol) [0x0xbae784]
	(No symbol) [0x0xbcfd81]
	(No symbol) [0x0xbae306]
	(No symbol) [0x0xb7d670]
	(No symbol) [0x0xb7e4e4]
	GetHandleVerifier [0x0xf74793+2556483]
	GetHandleVerifier [0x0xf6fd02+2537394]
	GetHandleVerifier [0x0xd3a2fa+220586]
	GetHandleVerifier [0x0xd2aae8+157080]
	GetHandleVerifier [0x0xd3141d+184013]
	GetHandleVerifier [0x0xd1ba68+95512]
	GetHandleVerifier [0x0xd1bc10+95936]
	GetHandleVerifier [0x0xd06b5a+9738]
	BaseThreadInitThunk [0x0x75ab7ba9+25]
	RtlInitializeExceptionChain [0x0x76eec3ab+107]
	RtlClearBits [0x0x76eec32f+191]

2025-06-23 09:26:53,785 - INFO - \u26a0\ufe0f Error parsing job card: Message: no such element: Unable to locate element: {"method":"css selector","selector":".job-company"}
  (Session info: chrome=137.0.7151.120); For documentation on this error, please visit: https://www.selenium.dev/documentation/webdriver/troubleshooting/errors#no-such-element-exception
Stacktrace:
	GetHandleVerifier [0x0xd13b03+62899]
	GetHandleVerifier [0x0xd13b44+62964]
	(No symbol) [0x0xb410f3]
	(No symbol) [0x0xb8980e]
	(No symbol) [0x0xb89bab]
	(No symbol) [0x0xb7ef51]
	(No symbol) [0x0xbae554]
	(No symbol) [0x0xb7ee74]
	(No symbol) [0x0xbae784]
	(No symbol) [0x0xbcfd81]
	(No symbol) [0x0xbae306]
	(No symbol) [0x0xb7d670]
	(No symbol) [0x0xb7e4e4]
	GetHandleVerifier [0x0xf74793+2556483]
	GetHandleVerifier [0x0xf6fd02+2537394]
	GetHandleVerifier [0x0xd3a2fa+220586]
	GetHandleVerifier [0x0xd2aae8+157080]
	GetHandleVerifier [0x0xd3141d+184013]
	GetHandleVerifier [0x0xd1ba68+95512]
	GetHandleVerifier [0x0xd1bc10+95936]
	GetHandleVerifier [0x0xd06b5a+9738]
	BaseThreadInitThunk [0x0x75ab7ba9+25]
	RtlInitializeExceptionChain [0x0x76eec3ab+107]
	RtlClearBits [0x0x76eec32f+191]

2025-06-23 09:26:53,813 - INFO - \u26a0\ufe0f Error parsing job card: Message: no such element: Unable to locate element: {"method":"css selector","selector":".job-company"}
  (Session info: chrome=137.0.7151.120); For documentation on this error, please visit: https://www.selenium.dev/documentation/webdriver/troubleshooting/errors#no-such-element-exception
Stacktrace:
	GetHandleVerifier [0x0xd13b03+62899]
	GetHandleVerifier [0x0xd13b44+62964]
	(No symbol) [0x0xb410f3]
	(No symbol) [0x0xb8980e]
	(No symbol) [0x0xb89bab]
	(No symbol) [0x0xb7ef51]
	(No symbol) [0x0xbae554]
	(No symbol) [0x0xb7ee74]
	(No symbol) [0x0xbae784]
	(No symbol) [0x0xbcfd81]
	(No symbol) [0x0xbae306]
	(No symbol) [0x0xb7d670]
	(No symbol) [0x0xb7e4e4]
	GetHandleVerifier [0x0xf74793+2556483]
	GetHandleVerifier [0x0xf6fd02+2537394]
	GetHandleVerifier [0x0xd3a2fa+220586]
	GetHandleVerifier [0x0xd2aae8+157080]
	GetHandleVerifier [0x0xd3141d+184013]
	GetHandleVerifier [0x0xd1ba68+95512]
	GetHandleVerifier [0x0xd1bc10+95936]
	GetHandleVerifier [0x0xd06b5a+9738]
	BaseThreadInitThunk [0x0x75ab7ba9+25]
	RtlInitializeExceptionChain [0x0x76eec3ab+107]
	RtlClearBits [0x0x76eec32f+191]

2025-06-23 09:26:53,837 - INFO - \u26a0\ufe0f Error parsing job card: Message: no such element: Unable to locate element: {"method":"css selector","selector":".job-company"}
  (Session info: chrome=137.0.7151.120); For documentation on this error, please visit: https://www.selenium.dev/documentation/webdriver/troubleshooting/errors#no-such-element-exception
Stacktrace:
	GetHandleVerifier [0x0xd13b03+62899]
	GetHandleVerifier [0x0xd13b44+62964]
	(No symbol) [0x0xb410f3]
	(No symbol) [0x0xb8980e]
	(No symbol) [0x0xb89bab]
	(No symbol) [0x0xb7ef51]
	(No symbol) [0x0xbae554]
	(No symbol) [0x0xb7ee74]
	(No symbol) [0x0xbae784]
	(No symbol) [0x0xbcfd81]
	(No symbol) [0x0xbae306]
	(No symbol) [0x0xb7d670]
	(No symbol) [0x0xb7e4e4]
	GetHandleVerifier [0x0xf74793+2556483]
	GetHandleVerifier [0x0xf6fd02+2537394]
	GetHandleVerifier [0x0xd3a2fa+220586]
	GetHandleVerifier [0x0xd2aae8+157080]
	GetHandleVerifier [0x0xd3141d+184013]
	GetHandleVerifier [0x0xd1ba68+95512]
	GetHandleVerifier [0x0xd1bc10+95936]
	GetHandleVerifier [0x0xd06b5a+9738]
	BaseThreadInitThunk [0x0x75ab7ba9+25]
	RtlInitializeExceptionChain [0x0x76eec3ab+107]
	RtlClearBits [0x0x76eec32f+191]

2025-06-23 09:26:53,953 - INFO - \u26a0\ufe0f Error parsing job card: Message: no such element: Unable to locate element: {"method":"css selector","selector":".job-company"}
  (Session info: chrome=137.0.7151.120); For documentation on this error, please visit: https://www.selenium.dev/documentation/webdriver/troubleshooting/errors#no-such-element-exception
Stacktrace:
	GetHandleVerifier [0x0xd13b03+62899]
	GetHandleVerifier [0x0xd13b44+62964]
	(No symbol) [0x0xb410f3]
	(No symbol) [0x0xb8980e]
	(No symbol) [0x0xb89bab]
	(No symbol) [0x0xb7ef51]
	(No symbol) [0x0xbae554]
	(No symbol) [0x0xb7ee74]
	(No symbol) [0x0xbae784]
	(No symbol) [0x0xbcfd81]
	(No symbol) [0x0xbae306]
	(No symbol) [0x0xb7d670]
	(No symbol) [0x0xb7e4e4]
	GetHandleVerifier [0x0xf74793+2556483]
	GetHandleVerifier [0x0xf6fd02+2537394]
	GetHandleVerifier [0x0xd3a2fa+220586]
	GetHandleVerifier [0x0xd2aae8+157080]
	GetHandleVerifier [0x0xd3141d+184013]
	GetHandleVerifier [0x0xd1ba68+95512]
	GetHandleVerifier [0x0xd1bc10+95936]
	GetHandleVerifier [0x0xd06b5a+9738]
	BaseThreadInitThunk [0x0x75ab7ba9+25]
	RtlInitializeExceptionChain [0x0x76eec3ab+107]
	RtlClearBits [0x0x76eec32f+191]

2025-06-23 09:26:54,052 - INFO - \u27a1\ufe0f Clicked forward arrow to go to next page.
2025-06-23 09:26:57,052 - INFO - \U0001f4c4 Scraping page 2...
2025-06-23 09:26:57,105 - INFO - \u26a0\ufe0f Error parsing job card: Message: no such element: Unable to locate element: {"method":"css selector","selector":".job-company"}
  (Session info: chrome=137.0.7151.120); For documentation on this error, please visit: https://www.selenium.dev/documentation/webdriver/troubleshooting/errors#no-such-element-exception
Stacktrace:
	GetHandleVerifier [0x0xd13b03+62899]
	GetHandleVerifier [0x0xd13b44+62964]
	(No symbol) [0x0xb410f3]
	(No symbol) [0x0xb8980e]
	(No symbol) [0x0xb89bab]
	(No symbol) [0x0xb7ef51]
	(No symbol) [0x0xbae554]
	(No symbol) [0x0xb7ee74]
	(No symbol) [0x0xbae784]
	(No symbol) [0x0xbcfd81]
	(No symbol) [0x0xbae306]
	(No symbol) [0x0xb7d670]
	(No symbol) [0x0xb7e4e4]
	GetHandleVerifier [0x0xf74793+2556483]
	GetHandleVerifier [0x0xf6fd02+2537394]
	GetHandleVerifier [0x0xd3a2fa+220586]
	GetHandleVerifier [0x0xd2aae8+157080]
	GetHandleVerifier [0x0xd3141d+184013]
	GetHandleVerifier [0x0xd1ba68+95512]
	GetHandleVerifier [0x0xd1bc10+95936]
	GetHandleVerifier [0x0xd06b5a+9738]
	BaseThreadInitThunk [0x0x75ab7ba9+25]
	RtlInitializeExceptionChain [0x0x76eec3ab+107]
	RtlClearBits [0x0x76eec32f+191]

2025-06-23 09:26:57,136 - INFO - \u26a0\ufe0f Error parsing job card: Message: no such element: Unable to locate element: {"method":"css selector","selector":".job-company"}
  (Session info: chrome=137.0.7151.120); For documentation on this error, please visit: https://www.selenium.dev/documentation/webdriver/troubleshooting/errors#no-such-element-exception
Stacktrace:
	GetHandleVerifier [0x0xd13b03+62899]
	GetHandleVerifier [0x0xd13b44+62964]
	(No symbol) [0x0xb410f3]
	(No symbol) [0x0xb8980e]
	(No symbol) [0x0xb89bab]
	(No symbol) [0x0xb7ef51]
	(No symbol) [0x0xbae554]
	(No symbol) [0x0xb7ee74]
	(No symbol) [0x0xbae784]
	(No symbol) [0x0xbcfd81]
	(No symbol) [0x0xbae306]
	(No symbol) [0x0xb7d670]
	(No symbol) [0x0xb7e4e4]
	GetHandleVerifier [0x0xf74793+2556483]
	GetHandleVerifier [0x0xf6fd02+2537394]
	GetHandleVerifier [0x0xd3a2fa+220586]
	GetHandleVerifier [0x0xd2aae8+157080]
	GetHandleVerifier [0x0xd3141d+184013]
	GetHandleVerifier [0x0xd1ba68+95512]
	GetHandleVerifier [0x0xd1bc10+95936]
	GetHandleVerifier [0x0xd06b5a+9738]
	BaseThreadInitThunk [0x0x75ab7ba9+25]
	RtlInitializeExceptionChain [0x0x76eec3ab+107]
	RtlClearBits [0x0x76eec32f+191]

2025-06-23 09:26:57,188 - INFO - \u26a0\ufe0f Error parsing job card: Message: no such element: Unable to locate element: {"method":"css selector","selector":".job-company"}
  (Session info: chrome=137.0.7151.120); For documentation on this error, please visit: https://www.selenium.dev/documentation/webdriver/troubleshooting/errors#no-such-element-exception
Stacktrace:
	GetHandleVerifier [0x0xd13b03+62899]
	GetHandleVerifier [0x0xd13b44+62964]
	(No symbol) [0x0xb410f3]
	(No symbol) [0x0xb8980e]
	(No symbol) [0x0xb89bab]
	(No symbol) [0x0xb7ef51]
	(No symbol) [0x0xbae554]
	(No symbol) [0x0xb7ee74]
	(No symbol) [0x0xbae784]
	(No symbol) [0x0xbcfd81]
	(No symbol) [0x0xbae306]
	(No symbol) [0x0xb7d670]
	(No symbol) [0x0xb7e4e4]
	GetHandleVerifier [0x0xf74793+2556483]
	GetHandleVerifier [0x0xf6fd02+2537394]
	GetHandleVerifier [0x0xd3a2fa+220586]
	GetHandleVerifier [0x0xd2aae8+157080]
	GetHandleVerifier [0x0xd3141d+184013]
	GetHandleVerifier [0x0xd1ba68+95512]
	GetHandleVerifier [0x0xd1bc10+95936]
	GetHandleVerifier [0x0xd06b5a+9738]
	BaseThreadInitThunk [0x0x75ab7ba9+25]
	RtlInitializeExceptionChain [0x0x76eec3ab+107]
	RtlClearBits [0x0x76eec32f+191]

2025-06-23 09:26:57,225 - INFO - \u26a0\ufe0f Error parsing job card: Message: no such element: Unable to locate element: {"method":"css selector","selector":".job-company"}
  (Session info: chrome=137.0.7151.120); For documentation on this error, please visit: https://www.selenium.dev/documentation/webdriver/troubleshooting/errors#no-such-element-exception
Stacktrace:
	GetHandleVerifier [0x0xd13b03+62899]
	GetHandleVerifier [0x0xd13b44+62964]
	(No symbol) [0x0xb410f3]
	(No symbol) [0x0xb8980e]
	(No symbol) [0x0xb89bab]
	(No symbol) [0x0xb7ef51]
	(No symbol) [0x0xbae554]
	(No symbol) [0x0xb7ee74]
	(No symbol) [0x0xbae784]
	(No symbol) [0x0xbcfd81]
	(No symbol) [0x0xbae306]
	(No symbol) [0x0xb7d670]
	(No symbol) [0x0xb7e4e4]
	GetHandleVerifier [0x0xf74793+2556483]
	GetHandleVerifier [0x0xf6fd02+2537394]
	GetHandleVerifier [0x0xd3a2fa+220586]
	GetHandleVerifier [0x0xd2aae8+157080]
	GetHandleVerifier [0x0xd3141d+184013]
	GetHandleVerifier [0x0xd1ba68+95512]
	GetHandleVerifier [0x0xd1bc10+95936]
	GetHandleVerifier [0x0xd06b5a+9738]
	BaseThreadInitThunk [0x0x75ab7ba9+25]
	RtlInitializeExceptionChain [0x0x76eec3ab+107]
	RtlClearBits [0x0x76eec32f+191]

2025-06-23 09:26:57,255 - INFO - \u26a0\ufe0f Error parsing job card: Message: no such element: Unable to locate element: {"method":"css selector","selector":".job-company"}
  (Session info: chrome=137.0.7151.120); For documentation on this error, please visit: https://www.selenium.dev/documentation/webdriver/troubleshooting/errors#no-such-element-exception
Stacktrace:
	GetHandleVerifier [0x0xd13b03+62899]
	GetHandleVerifier [0x0xd13b44+62964]
	(No symbol) [0x0xb410f3]
	(No symbol) [0x0xb8980e]
	(No symbol) [0x0xb89bab]
	(No symbol) [0x0xb7ef51]
	(No symbol) [0x0xbae554]
	(No symbol) [0x0xb7ee74]
	(No symbol) [0x0xbae784]
	(No symbol) [0x0xbcfd81]
	(No symbol) [0x0xbae306]
	(No symbol) [0x0xb7d670]
	(No symbol) [0x0xb7e4e4]
	GetHandleVerifier [0x0xf74793+2556483]
	GetHandleVerifier [0x0xf6fd02+2537394]
	GetHandleVerifier [0x0xd3a2fa+220586]
	GetHandleVerifier [0x0xd2aae8+157080]
	GetHandleVerifier [0x0xd3141d+184013]
	GetHandleVerifier [0x0xd1ba68+95512]
	GetHandleVerifier [0x0xd1bc10+95936]
	GetHandleVerifier [0x0xd06b5a+9738]
	BaseThreadInitThunk [0x0x75ab7ba9+25]
	RtlInitializeExceptionChain [0x0x76eec3ab+107]
	RtlClearBits [0x0x76eec32f+191]

2025-06-23 09:26:57,305 - INFO - \u26a0\ufe0f Error parsing job card: Message: no such element: Unable to locate element: {"method":"css selector","selector":".job-company"}
  (Session info: chrome=137.0.7151.120); For documentation on this error, please visit: https://www.selenium.dev/documentation/webdriver/troubleshooting/errors#no-such-element-exception
Stacktrace:
	GetHandleVerifier [0x0xd13b03+62899]
	GetHandleVerifier [0x0xd13b44+62964]
	(No symbol) [0x0xb410f3]
	(No symbol) [0x0xb8980e]
	(No symbol) [0x0xb89bab]
	(No symbol) [0x0xb7ef51]
	(No symbol) [0x0xbae554]
	(No symbol) [0x0xb7ee74]
	(No symbol) [0x0xbae784]
	(No symbol) [0x0xbcfd81]
	(No symbol) [0x0xbae306]
	(No symbol) [0x0xb7d670]
	(No symbol) [0x0xb7e4e4]
	GetHandleVerifier [0x0xf74793+2556483]
	GetHandleVerifier [0x0xf6fd02+2537394]
	GetHandleVerifier [0x0xd3a2fa+220586]
	GetHandleVerifier [0x0xd2aae8+157080]
	GetHandleVerifier [0x0xd3141d+184013]
	GetHandleVerifier [0x0xd1ba68+95512]
	GetHandleVerifier [0x0xd1bc10+95936]
	GetHandleVerifier [0x0xd06b5a+9738]
	BaseThreadInitThunk [0x0x75ab7ba9+25]
	RtlInitializeExceptionChain [0x0x76eec3ab+107]
	RtlClearBits [0x0x76eec32f+191]

2025-06-23 09:26:57,416 - INFO - \u26a0\ufe0f Error parsing job card: Message: no such element: Unable to locate element: {"method":"css selector","selector":".job-company"}
  (Session info: chrome=137.0.7151.120); For documentation on this error, please visit: https://www.selenium.dev/documentation/webdriver/troubleshooting/errors#no-such-element-exception
Stacktrace:
	GetHandleVerifier [0x0xd13b03+62899]
	GetHandleVerifier [0x0xd13b44+62964]
	(No symbol) [0x0xb410f3]
	(No symbol) [0x0xb8980e]
	(No symbol) [0x0xb89bab]
	(No symbol) [0x0xb7ef51]
	(No symbol) [0x0xbae554]
	(No symbol) [0x0xb7ee74]
	(No symbol) [0x0xbae784]
	(No symbol) [0x0xbcfd81]
	(No symbol) [0x0xbae306]
	(No symbol) [0x0xb7d670]
	(No symbol) [0x0xb7e4e4]
	GetHandleVerifier [0x0xf74793+2556483]
	GetHandleVerifier [0x0xf6fd02+2537394]
	GetHandleVerifier [0x0xd3a2fa+220586]
	GetHandleVerifier [0x0xd2aae8+157080]
	GetHandleVerifier [0x0xd3141d+184013]
	GetHandleVerifier [0x0xd1ba68+95512]
	GetHandleVerifier [0x0xd1bc10+95936]
	GetHandleVerifier [0x0xd06b5a+9738]
	BaseThreadInitThunk [0x0x75ab7ba9+25]
	RtlInitializeExceptionChain [0x0x76eec3ab+107]
	RtlClearBits [0x0x76eec32f+191]

2025-06-23 09:26:57,471 - INFO - \u26a0\ufe0f Error parsing job card: Message: no such element: Unable to locate element: {"method":"css selector","selector":".job-company"}
  (Session info: chrome=137.0.7151.120); For documentation on this error, please visit: https://www.selenium.dev/documentation/webdriver/troubleshooting/errors#no-such-element-exception
Stacktrace:
	GetHandleVerifier [0x0xd13b03+62899]
	GetHandleVerifier [0x0xd13b44+62964]
	(No symbol) [0x0xb410f3]
	(No symbol) [0x0xb8980e]
	(No symbol) [0x0xb89bab]
	(No symbol) [0x0xb7ef51]
	(No symbol) [0x0xbae554]
	(No symbol) [0x0xb7ee74]
	(No symbol) [0x0xbae784]
	(No symbol) [0x0xbcfd81]
	(No symbol) [0x0xbae306]
	(No symbol) [0x0xb7d670]
	(No symbol) [0x0xb7e4e4]
	GetHandleVerifier [0x0xf74793+2556483]
	GetHandleVerifier [0x0xf6fd02+2537394]
	GetHandleVerifier [0x0xd3a2fa+220586]
	GetHandleVerifier [0x0xd2aae8+157080]
	GetHandleVerifier [0x0xd3141d+184013]
	GetHandleVerifier [0x0xd1ba68+95512]
	GetHandleVerifier [0x0xd1bc10+95936]
	GetHandleVerifier [0x0xd06b5a+9738]
	BaseThreadInitThunk [0x0x75ab7ba9+25]
	RtlInitializeExceptionChain [0x0x76eec3ab+107]
	RtlClearBits [0x0x76eec32f+191]

2025-06-23 09:26:57,506 - INFO - \u26a0\ufe0f Error parsing job card: Message: no such element: Unable to locate element: {"method":"css selector","selector":".job-company"}
  (Session info: chrome=137.0.7151.120); For documentation on this error, please visit: https://www.selenium.dev/documentation/webdriver/troubleshooting/errors#no-such-element-exception
Stacktrace:
	GetHandleVerifier [0x0xd13b03+62899]
	GetHandleVerifier [0x0xd13b44+62964]
	(No symbol) [0x0xb410f3]
	(No symbol) [0x0xb8980e]
	(No symbol) [0x0xb89bab]
	(No symbol) [0x0xb7ef51]
	(No symbol) [0x0xbae554]
	(No symbol) [0x0xb7ee74]
	(No symbol) [0x0xbae784]
	(No symbol) [0x0xbcfd81]
	(No symbol) [0x0xbae306]
	(No symbol) [0x0xb7d670]
	(No symbol) [0x0xb7e4e4]
	GetHandleVerifier [0x0xf74793+2556483]
	GetHandleVerifier [0x0xf6fd02+2537394]
	GetHandleVerifier [0x0xd3a2fa+220586]
	GetHandleVerifier [0x0xd2aae8+157080]
	GetHandleVerifier [0x0xd3141d+184013]
	GetHandleVerifier [0x0xd1ba68+95512]
	GetHandleVerifier [0x0xd1bc10+95936]
	GetHandleVerifier [0x0xd06b5a+9738]
	BaseThreadInitThunk [0x0x75ab7ba9+25]
	RtlInitializeExceptionChain [0x0x76eec3ab+107]
	RtlClearBits [0x0x76eec32f+191]

2025-06-23 09:26:57,544 - INFO - \u26a0\ufe0f Error parsing job card: Message: no such element: Unable to locate element: {"method":"css selector","selector":".job-company"}
  (Session info: chrome=137.0.7151.120); For documentation on this error, please visit: https://www.selenium.dev/documentation/webdriver/troubleshooting/errors#no-such-element-exception
Stacktrace:
	GetHandleVerifier [0x0xd13b03+62899]
	GetHandleVerifier [0x0xd13b44+62964]
	(No symbol) [0x0xb410f3]
	(No symbol) [0x0xb8980e]
	(No symbol) [0x0xb89bab]
	(No symbol) [0x0xb7ef51]
	(No symbol) [0x0xbae554]
	(No symbol) [0x0xb7ee74]
	(No symbol) [0x0xbae784]
	(No symbol) [0x0xbcfd81]
	(No symbol) [0x0xbae306]
	(No symbol) [0x0xb7d670]
	(No symbol) [0x0xb7e4e4]
	GetHandleVerifier [0x0xf74793+2556483]
	GetHandleVerifier [0x0xf6fd02+2537394]
	GetHandleVerifier [0x0xd3a2fa+220586]
	GetHandleVerifier [0x0xd2aae8+157080]
	GetHandleVerifier [0x0xd3141d+184013]
	GetHandleVerifier [0x0xd1ba68+95512]
	GetHandleVerifier [0x0xd1bc10+95936]
	GetHandleVerifier [0x0xd06b5a+9738]
	BaseThreadInitThunk [0x0x75ab7ba9+25]
	RtlInitializeExceptionChain [0x0x76eec3ab+107]
	RtlClearBits [0x0x76eec32f+191]

2025-06-23 09:26:57,658 - INFO - \u27a1\ufe0f Clicked forward arrow to go to next page.
2025-06-23 09:27:00,677 - INFO - \U0001f4c4 Scraping page 3...
2025-06-23 09:27:00,816 - INFO - \u26a0\ufe0f Error parsing job card: Message: no such element: Unable to locate element: {"method":"css selector","selector":".job-company"}
  (Session info: chrome=137.0.7151.120); For documentation on this error, please visit: https://www.selenium.dev/documentation/webdriver/troubleshooting/errors#no-such-element-exception
Stacktrace:
	GetHandleVerifier [0x0xd13b03+62899]
	GetHandleVerifier [0x0xd13b44+62964]
	(No symbol) [0x0xb410f3]
	(No symbol) [0x0xb8980e]
	(No symbol) [0x0xb89bab]
	(No symbol) [0x0xb7ef51]
	(No symbol) [0x0xbae554]
	(No symbol) [0x0xb7ee74]
	(No symbol) [0x0xbae784]
	(No symbol) [0x0xbcfd81]
	(No symbol) [0x0xbae306]
	(No symbol) [0x0xb7d670]
	(No symbol) [0x0xb7e4e4]
	GetHandleVerifier [0x0xf74793+2556483]
	GetHandleVerifier [0x0xf6fd02+2537394]
	GetHandleVerifier [0x0xd3a2fa+220586]
	GetHandleVerifier [0x0xd2aae8+157080]
	GetHandleVerifier [0x0xd3141d+184013]
	GetHandleVerifier [0x0xd1ba68+95512]
	GetHandleVerifier [0x0xd1bc10+95936]
	GetHandleVerifier [0x0xd06b5a+9738]
	BaseThreadInitThunk [0x0x75ab7ba9+25]
	RtlInitializeExceptionChain [0x0x76eec3ab+107]
	RtlClearBits [0x0x76eec32f+191]

2025-06-23 09:27:00,855 - INFO - \u26a0\ufe0f Error parsing job card: Message: no such element: Unable to locate element: {"method":"css selector","selector":".job-company"}
  (Session info: chrome=137.0.7151.120); For documentation on this error, please visit: https://www.selenium.dev/documentation/webdriver/troubleshooting/errors#no-such-element-exception
Stacktrace:
	GetHandleVerifier [0x0xd13b03+62899]
	GetHandleVerifier [0x0xd13b44+62964]
	(No symbol) [0x0xb410f3]
	(No symbol) [0x0xb8980e]
	(No symbol) [0x0xb89bab]
	(No symbol) [0x0xb7ef51]
	(No symbol) [0x0xbae554]
	(No symbol) [0x0xb7ee74]
	(No symbol) [0x0xbae784]
	(No symbol) [0x0xbcfd81]
	(No symbol) [0x0xbae306]
	(No symbol) [0x0xb7d670]
	(No symbol) [0x0xb7e4e4]
	GetHandleVerifier [0x0xf74793+2556483]
	GetHandleVerifier [0x0xf6fd02+2537394]
	GetHandleVerifier [0x0xd3a2fa+220586]
	GetHandleVerifier [0x0xd2aae8+157080]
	GetHandleVerifier [0x0xd3141d+184013]
	GetHandleVerifier [0x0xd1ba68+95512]
	GetHandleVerifier [0x0xd1bc10+95936]
	GetHandleVerifier [0x0xd06b5a+9738]
	BaseThreadInitThunk [0x0x75ab7ba9+25]
	RtlInitializeExceptionChain [0x0x76eec3ab+107]
	RtlClearBits [0x0x76eec32f+191]

2025-06-23 09:27:00,889 - INFO - \u26a0\ufe0f Error parsing job card: Message: no such element: Unable to locate element: {"method":"css selector","selector":".job-company"}
  (Session info: chrome=137.0.7151.120); For documentation on this error, please visit: https://www.selenium.dev/documentation/webdriver/troubleshooting/errors#no-such-element-exception
Stacktrace:
	GetHandleVerifier [0x0xd13b03+62899]
	GetHandleVerifier [0x0xd13b44+62964]
	(No symbol) [0x0xb410f3]
	(No symbol) [0x0xb8980e]
	(No symbol) [0x0xb89bab]
	(No symbol) [0x0xb7ef51]
	(No symbol) [0x0xbae554]
	(No symbol) [0x0xb7ee74]
	(No symbol) [0x0xbae784]
	(No symbol) [0x0xbcfd81]
	(No symbol) [0x0xbae306]
	(No symbol) [0x0xb7d670]
	(No symbol) [0x0xb7e4e4]
	GetHandleVerifier [0x0xf74793+2556483]
	GetHandleVerifier [0x0xf6fd02+2537394]
	GetHandleVerifier [0x0xd3a2fa+220586]
	GetHandleVerifier [0x0xd2aae8+157080]
	GetHandleVerifier [0x0xd3141d+184013]
	GetHandleVerifier [0x0xd1ba68+95512]
	GetHandleVerifier [0x0xd1bc10+95936]
	GetHandleVerifier [0x0xd06b5a+9738]
	BaseThreadInitThunk [0x0x75ab7ba9+25]
	RtlInitializeExceptionChain [0x0x76eec3ab+107]
	RtlClearBits [0x0x76eec32f+191]

2025-06-23 09:27:00,923 - INFO - \u26a0\ufe0f Error parsing job card: Message: no such element: Unable to locate element: {"method":"css selector","selector":".job-company"}
  (Session info: chrome=137.0.7151.120); For documentation on this error, please visit: https://www.selenium.dev/documentation/webdriver/troubleshooting/errors#no-such-element-exception
Stacktrace:
	GetHandleVerifier [0x0xd13b03+62899]
	GetHandleVerifier [0x0xd13b44+62964]
	(No symbol) [0x0xb410f3]
	(No symbol) [0x0xb8980e]
	(No symbol) [0x0xb89bab]
	(No symbol) [0x0xb7ef51]
	(No symbol) [0x0xbae554]
	(No symbol) [0x0xb7ee74]
	(No symbol) [0x0xbae784]
	(No symbol) [0x0xbcfd81]
	(No symbol) [0x0xbae306]
	(No symbol) [0x0xb7d670]
	(No symbol) [0x0xb7e4e4]
	GetHandleVerifier [0x0xf74793+2556483]
	GetHandleVerifier [0x0xf6fd02+2537394]
	GetHandleVerifier [0x0xd3a2fa+220586]
	GetHandleVerifier [0x0xd2aae8+157080]
	GetHandleVerifier [0x0xd3141d+184013]
	GetHandleVerifier [0x0xd1ba68+95512]
	GetHandleVerifier [0x0xd1bc10+95936]
	GetHandleVerifier [0x0xd06b5a+9738]
	BaseThreadInitThunk [0x0x75ab7ba9+25]
	RtlInitializeExceptionChain [0x0x76eec3ab+107]
	RtlClearBits [0x0x76eec32f+191]

2025-06-23 09:27:00,963 - INFO - \u26a0\ufe0f Error parsing job card: Message: no such element: Unable to locate element: {"method":"css selector","selector":".job-company"}
  (Session info: chrome=137.0.7151.120); For documentation on this error, please visit: https://www.selenium.dev/documentation/webdriver/troubleshooting/errors#no-such-element-exception
Stacktrace:
	GetHandleVerifier [0x0xd13b03+62899]
	GetHandleVerifier [0x0xd13b44+62964]
	(No symbol) [0x0xb410f3]
	(No symbol) [0x0xb8980e]
	(No symbol) [0x0xb89bab]
	(No symbol) [0x0xb7ef51]
	(No symbol) [0x0xbae554]
	(No symbol) [0x0xb7ee74]
	(No symbol) [0x0xbae784]
	(No symbol) [0x0xbcfd81]
	(No symbol) [0x0xbae306]
	(No symbol) [0x0xb7d670]
	(No symbol) [0x0xb7e4e4]
	GetHandleVerifier [0x0xf74793+2556483]
	GetHandleVerifier [0x0xf6fd02+2537394]
	GetHandleVerifier [0x0xd3a2fa+220586]
	GetHandleVerifier [0x0xd2aae8+157080]
	GetHandleVerifier [0x0xd3141d+184013]
	GetHandleVerifier [0x0xd1ba68+95512]
	GetHandleVerifier [0x0xd1bc10+95936]
	GetHandleVerifier [0x0xd06b5a+9738]
	BaseThreadInitThunk [0x0x75ab7ba9+25]
	RtlInitializeExceptionChain [0x0x76eec3ab+107]
	RtlClearBits [0x0x76eec32f+191]

2025-06-23 09:27:01,007 - INFO - \u26a0\ufe0f Error parsing job card: Message: no such element: Unable to locate element: {"method":"css selector","selector":".job-company"}
  (Session info: chrome=137.0.7151.120); For documentation on this error, please visit: https://www.selenium.dev/documentation/webdriver/troubleshooting/errors#no-such-element-exception
Stacktrace:
	GetHandleVerifier [0x0xd13b03+62899]
	GetHandleVerifier [0x0xd13b44+62964]
	(No symbol) [0x0xb410f3]
	(No symbol) [0x0xb8980e]
	(No symbol) [0x0xb89bab]
	(No symbol) [0x0xb7ef51]
	(No symbol) [0x0xbae554]
	(No symbol) [0x0xb7ee74]
	(No symbol) [0x0xbae784]
	(No symbol) [0x0xbcfd81]
	(No symbol) [0x0xbae306]
	(No symbol) [0x0xb7d670]
	(No symbol) [0x0xb7e4e4]
	GetHandleVerifier [0x0xf74793+2556483]
	GetHandleVerifier [0x0xf6fd02+2537394]
	GetHandleVerifier [0x0xd3a2fa+220586]
	GetHandleVerifier [0x0xd2aae8+157080]
	GetHandleVerifier [0x0xd3141d+184013]
	GetHandleVerifier [0x0xd1ba68+95512]
	GetHandleVerifier [0x0xd1bc10+95936]
	GetHandleVerifier [0x0xd06b5a+9738]
	BaseThreadInitThunk [0x0x75ab7ba9+25]
	RtlInitializeExceptionChain [0x0x76eec3ab+107]
	RtlClearBits [0x0x76eec32f+191]

2025-06-23 09:27:01,058 - INFO - \u26a0\ufe0f Error parsing job card: Message: no such element: Unable to locate element: {"method":"css selector","selector":".job-company"}
  (Session info: chrome=137.0.7151.120); For documentation on this error, please visit: https://www.selenium.dev/documentation/webdriver/troubleshooting/errors#no-such-element-exception
Stacktrace:
	GetHandleVerifier [0x0xd13b03+62899]
	GetHandleVerifier [0x0xd13b44+62964]
	(No symbol) [0x0xb410f3]
	(No symbol) [0x0xb8980e]
	(No symbol) [0x0xb89bab]
	(No symbol) [0x0xb7ef51]
	(No symbol) [0x0xbae554]
	(No symbol) [0x0xb7ee74]
	(No symbol) [0x0xbae784]
	(No symbol) [0x0xbcfd81]
	(No symbol) [0x0xbae306]
	(No symbol) [0x0xb7d670]
	(No symbol) [0x0xb7e4e4]
	GetHandleVerifier [0x0xf74793+2556483]
	GetHandleVerifier [0x0xf6fd02+2537394]
	GetHandleVerifier [0x0xd3a2fa+220586]
	GetHandleVerifier [0x0xd2aae8+157080]
	GetHandleVerifier [0x0xd3141d+184013]
	GetHandleVerifier [0x0xd1ba68+95512]
	GetHandleVerifier [0x0xd1bc10+95936]
	GetHandleVerifier [0x0xd06b5a+9738]
	BaseThreadInitThunk [0x0x75ab7ba9+25]
	RtlInitializeExceptionChain [0x0x76eec3ab+107]
	RtlClearBits [0x0x76eec32f+191]

2025-06-23 09:27:01,091 - INFO - \u26a0\ufe0f Error parsing job card: Message: no such element: Unable to locate element: {"method":"css selector","selector":".job-company"}
  (Session info: chrome=137.0.7151.120); For documentation on this error, please visit: https://www.selenium.dev/documentation/webdriver/troubleshooting/errors#no-such-element-exception
Stacktrace:
	GetHandleVerifier [0x0xd13b03+62899]
	GetHandleVerifier [0x0xd13b44+62964]
	(No symbol) [0x0xb410f3]
	(No symbol) [0x0xb8980e]
	(No symbol) [0x0xb89bab]
	(No symbol) [0x0xb7ef51]
	(No symbol) [0x0xbae554]
	(No symbol) [0x0xb7ee74]
	(No symbol) [0x0xbae784]
	(No symbol) [0x0xbcfd81]
	(No symbol) [0x0xbae306]
	(No symbol) [0x0xb7d670]
	(No symbol) [0x0xb7e4e4]
	GetHandleVerifier [0x0xf74793+2556483]
	GetHandleVerifier [0x0xf6fd02+2537394]
	GetHandleVerifier [0x0xd3a2fa+220586]
	GetHandleVerifier [0x0xd2aae8+157080]
	GetHandleVerifier [0x0xd3141d+184013]
	GetHandleVerifier [0x0xd1ba68+95512]
	GetHandleVerifier [0x0xd1bc10+95936]
	GetHandleVerifier [0x0xd06b5a+9738]
	BaseThreadInitThunk [0x0x75ab7ba9+25]
	RtlInitializeExceptionChain [0x0x76eec3ab+107]
	RtlClearBits [0x0x76eec32f+191]

2025-06-23 09:27:01,119 - INFO - \u26a0\ufe0f Error parsing job card: Message: no such element: Unable to locate element: {"method":"css selector","selector":".job-company"}
  (Session info: chrome=137.0.7151.120); For documentation on this error, please visit: https://www.selenium.dev/documentation/webdriver/troubleshooting/errors#no-such-element-exception
Stacktrace:
	GetHandleVerifier [0x0xd13b03+62899]
	GetHandleVerifier [0x0xd13b44+62964]
	(No symbol) [0x0xb410f3]
	(No symbol) [0x0xb8980e]
	(No symbol) [0x0xb89bab]
	(No symbol) [0x0xb7ef51]
	(No symbol) [0x0xbae554]
	(No symbol) [0x0xb7ee74]
	(No symbol) [0x0xbae784]
	(No symbol) [0x0xbcfd81]
	(No symbol) [0x0xbae306]
	(No symbol) [0x0xb7d670]
	(No symbol) [0x0xb7e4e4]
	GetHandleVerifier [0x0xf74793+2556483]
	GetHandleVerifier [0x0xf6fd02+2537394]
	GetHandleVerifier [0x0xd3a2fa+220586]
	GetHandleVerifier [0x0xd2aae8+157080]
	GetHandleVerifier [0x0xd3141d+184013]
	GetHandleVerifier [0x0xd1ba68+95512]
	GetHandleVerifier [0x0xd1bc10+95936]
	GetHandleVerifier [0x0xd06b5a+9738]
	BaseThreadInitThunk [0x0x75ab7ba9+25]
	RtlInitializeExceptionChain [0x0x76eec3ab+107]
	RtlClearBits [0x0x76eec32f+191]

2025-06-23 09:27:01,152 - INFO - \u26a0\ufe0f Error parsing job card: Message: no such element: Unable to locate element: {"method":"css selector","selector":".job-company"}
  (Session info: chrome=137.0.7151.120); For documentation on this error, please visit: https://www.selenium.dev/documentation/webdriver/troubleshooting/errors#no-such-element-exception
Stacktrace:
	GetHandleVerifier [0x0xd13b03+62899]
	GetHandleVerifier [0x0xd13b44+62964]
	(No symbol) [0x0xb410f3]
	(No symbol) [0x0xb8980e]
	(No symbol) [0x0xb89bab]
	(No symbol) [0x0xb7ef51]
	(No symbol) [0x0xbae554]
	(No symbol) [0x0xb7ee74]
	(No symbol) [0x0xbae784]
	(No symbol) [0x0xbcfd81]
	(No symbol) [0x0xbae306]
	(No symbol) [0x0xb7d670]
	(No symbol) [0x0xb7e4e4]
	GetHandleVerifier [0x0xf74793+2556483]
	GetHandleVerifier [0x0xf6fd02+2537394]
	GetHandleVerifier [0x0xd3a2fa+220586]
	GetHandleVerifier [0x0xd2aae8+157080]
	GetHandleVerifier [0x0xd3141d+184013]
	GetHandleVerifier [0x0xd1ba68+95512]
	GetHandleVerifier [0x0xd1bc10+95936]
	GetHandleVerifier [0x0xd06b5a+9738]
	BaseThreadInitThunk [0x0x75ab7ba9+25]
	RtlInitializeExceptionChain [0x0x76eec3ab+107]
	RtlClearBits [0x0x76eec32f+191]

2025-06-23 09:27:01,324 - INFO - \u27a1\ufe0f Clicked forward arrow to go to next page.
2025-06-23 09:27:04,325 - INFO - \U0001f4c4 Scraping page 4...
2025-06-23 09:27:04,389 - INFO - \u26a0\ufe0f Error parsing job card: Message: no such element: Unable to locate element: {"method":"css selector","selector":".job-company"}
  (Session info: chrome=137.0.7151.120); For documentation on this error, please visit: https://www.selenium.dev/documentation/webdriver/troubleshooting/errors#no-such-element-exception
Stacktrace:
	GetHandleVerifier [0x0xd13b03+62899]
	GetHandleVerifier [0x0xd13b44+62964]
	(No symbol) [0x0xb410f3]
	(No symbol) [0x0xb8980e]
	(No symbol) [0x0xb89bab]
	(No symbol) [0x0xb7ef51]
	(No symbol) [0x0xbae554]
	(No symbol) [0x0xb7ee74]
	(No symbol) [0x0xbae784]
	(No symbol) [0x0xbcfd81]
	(No symbol) [0x0xbae306]
	(No symbol) [0x0xb7d670]
	(No symbol) [0x0xb7e4e4]
	GetHandleVerifier [0x0xf74793+2556483]
	GetHandleVerifier [0x0xf6fd02+2537394]
	GetHandleVerifier [0x0xd3a2fa+220586]
	GetHandleVerifier [0x0xd2aae8+157080]
	GetHandleVerifier [0x0xd3141d+184013]
	GetHandleVerifier [0x0xd1ba68+95512]
	GetHandleVerifier [0x0xd1bc10+95936]
	GetHandleVerifier [0x0xd06b5a+9738]
	BaseThreadInitThunk [0x0x75ab7ba9+25]
	RtlInitializeExceptionChain [0x0x76eec3ab+107]
	RtlClearBits [0x0x76eec32f+191]

2025-06-23 09:27:04,419 - INFO - \u26a0\ufe0f Error parsing job card: Message: no such element: Unable to locate element: {"method":"css selector","selector":".job-company"}
  (Session info: chrome=137.0.7151.120); For documentation on this error, please visit: https://www.selenium.dev/documentation/webdriver/troubleshooting/errors#no-such-element-exception
Stacktrace:
	GetHandleVerifier [0x0xd13b03+62899]
	GetHandleVerifier [0x0xd13b44+62964]
	(No symbol) [0x0xb410f3]
	(No symbol) [0x0xb8980e]
	(No symbol) [0x0xb89bab]
	(No symbol) [0x0xb7ef51]
	(No symbol) [0x0xbae554]
	(No symbol) [0x0xb7ee74]
	(No symbol) [0x0xbae784]
	(No symbol) [0x0xbcfd81]
	(No symbol) [0x0xbae306]
	(No symbol) [0x0xb7d670]
	(No symbol) [0x0xb7e4e4]
	GetHandleVerifier [0x0xf74793+2556483]
	GetHandleVerifier [0x0xf6fd02+2537394]
	GetHandleVerifier [0x0xd3a2fa+220586]
	GetHandleVerifier [0x0xd2aae8+157080]
	GetHandleVerifier [0x0xd3141d+184013]
	GetHandleVerifier [0x0xd1ba68+95512]
	GetHandleVerifier [0x0xd1bc10+95936]
	GetHandleVerifier [0x0xd06b5a+9738]
	BaseThreadInitThunk [0x0x75ab7ba9+25]
	RtlInitializeExceptionChain [0x0x76eec3ab+107]
	RtlClearBits [0x0x76eec32f+191]

2025-06-23 09:27:04,445 - INFO - \u26a0\ufe0f Error parsing job card: Message: no such element: Unable to locate element: {"method":"css selector","selector":".job-company"}
  (Session info: chrome=137.0.7151.120); For documentation on this error, please visit: https://www.selenium.dev/documentation/webdriver/troubleshooting/errors#no-such-element-exception
Stacktrace:
	GetHandleVerifier [0x0xd13b03+62899]
	GetHandleVerifier [0x0xd13b44+62964]
	(No symbol) [0x0xb410f3]
	(No symbol) [0x0xb8980e]
	(No symbol) [0x0xb89bab]
	(No symbol) [0x0xb7ef51]
	(No symbol) [0x0xbae554]
	(No symbol) [0x0xb7ee74]
	(No symbol) [0x0xbae784]
	(No symbol) [0x0xbcfd81]
	(No symbol) [0x0xbae306]
	(No symbol) [0x0xb7d670]
	(No symbol) [0x0xb7e4e4]
	GetHandleVerifier [0x0xf74793+2556483]
	GetHandleVerifier [0x0xf6fd02+2537394]
	GetHandleVerifier [0x0xd3a2fa+220586]
	GetHandleVerifier [0x0xd2aae8+157080]
	GetHandleVerifier [0x0xd3141d+184013]
	GetHandleVerifier [0x0xd1ba68+95512]
	GetHandleVerifier [0x0xd1bc10+95936]
	GetHandleVerifier [0x0xd06b5a+9738]
	BaseThreadInitThunk [0x0x75ab7ba9+25]
	RtlInitializeExceptionChain [0x0x76eec3ab+107]
	RtlClearBits [0x0x76eec32f+191]

2025-06-23 09:27:04,474 - INFO - \u26a0\ufe0f Error parsing job card: Message: no such element: Unable to locate element: {"method":"css selector","selector":".job-company"}
  (Session info: chrome=137.0.7151.120); For documentation on this error, please visit: https://www.selenium.dev/documentation/webdriver/troubleshooting/errors#no-such-element-exception
Stacktrace:
	GetHandleVerifier [0x0xd13b03+62899]
	GetHandleVerifier [0x0xd13b44+62964]
	(No symbol) [0x0xb410f3]
	(No symbol) [0x0xb8980e]
	(No symbol) [0x0xb89bab]
	(No symbol) [0x0xb7ef51]
	(No symbol) [0x0xbae554]
	(No symbol) [0x0xb7ee74]
	(No symbol) [0x0xbae784]
	(No symbol) [0x0xbcfd81]
	(No symbol) [0x0xbae306]
	(No symbol) [0x0xb7d670]
	(No symbol) [0x0xb7e4e4]
	GetHandleVerifier [0x0xf74793+2556483]
	GetHandleVerifier [0x0xf6fd02+2537394]
	GetHandleVerifier [0x0xd3a2fa+220586]
	GetHandleVerifier [0x0xd2aae8+157080]
	GetHandleVerifier [0x0xd3141d+184013]
	GetHandleVerifier [0x0xd1ba68+95512]
	GetHandleVerifier [0x0xd1bc10+95936]
	GetHandleVerifier [0x0xd06b5a+9738]
	BaseThreadInitThunk [0x0x75ab7ba9+25]
	RtlInitializeExceptionChain [0x0x76eec3ab+107]
	RtlClearBits [0x0x76eec32f+191]

2025-06-23 09:27:04,503 - INFO - \u26a0\ufe0f Error parsing job card: Message: no such element: Unable to locate element: {"method":"css selector","selector":".job-company"}
  (Session info: chrome=137.0.7151.120); For documentation on this error, please visit: https://www.selenium.dev/documentation/webdriver/troubleshooting/errors#no-such-element-exception
Stacktrace:
	GetHandleVerifier [0x0xd13b03+62899]
	GetHandleVerifier [0x0xd13b44+62964]
	(No symbol) [0x0xb410f3]
	(No symbol) [0x0xb8980e]
	(No symbol) [0x0xb89bab]
	(No symbol) [0x0xb7ef51]
	(No symbol) [0x0xbae554]
	(No symbol) [0x0xb7ee74]
	(No symbol) [0x0xbae784]
	(No symbol) [0x0xbcfd81]
	(No symbol) [0x0xbae306]
	(No symbol) [0x0xb7d670]
	(No symbol) [0x0xb7e4e4]
	GetHandleVerifier [0x0xf74793+2556483]
	GetHandleVerifier [0x0xf6fd02+2537394]
	GetHandleVerifier [0x0xd3a2fa+220586]
	GetHandleVerifier [0x0xd2aae8+157080]
	GetHandleVerifier [0x0xd3141d+184013]
	GetHandleVerifier [0x0xd1ba68+95512]
	GetHandleVerifier [0x0xd1bc10+95936]
	GetHandleVerifier [0x0xd06b5a+9738]
	BaseThreadInitThunk [0x0x75ab7ba9+25]
	RtlInitializeExceptionChain [0x0x76eec3ab+107]
	RtlClearBits [0x0x76eec32f+191]

2025-06-23 09:27:04,532 - INFO - \u26a0\ufe0f Error parsing job card: Message: no such element: Unable to locate element: {"method":"css selector","selector":".job-company"}
  (Session info: chrome=137.0.7151.120); For documentation on this error, please visit: https://www.selenium.dev/documentation/webdriver/troubleshooting/errors#no-such-element-exception
Stacktrace:
	GetHandleVerifier [0x0xd13b03+62899]
	GetHandleVerifier [0x0xd13b44+62964]
	(No symbol) [0x0xb410f3]
	(No symbol) [0x0xb8980e]
	(No symbol) [0x0xb89bab]
	(No symbol) [0x0xb7ef51]
	(No symbol) [0x0xbae554]
	(No symbol) [0x0xb7ee74]
	(No symbol) [0x0xbae784]
	(No symbol) [0x0xbcfd81]
	(No symbol) [0x0xbae306]
	(No symbol) [0x0xb7d670]
	(No symbol) [0x0xb7e4e4]
	GetHandleVerifier [0x0xf74793+2556483]
	GetHandleVerifier [0x0xf6fd02+2537394]
	GetHandleVerifier [0x0xd3a2fa+220586]
	GetHandleVerifier [0x0xd2aae8+157080]
	GetHandleVerifier [0x0xd3141d+184013]
	GetHandleVerifier [0x0xd1ba68+95512]
	GetHandleVerifier [0x0xd1bc10+95936]
	GetHandleVerifier [0x0xd06b5a+9738]
	BaseThreadInitThunk [0x0x75ab7ba9+25]
	RtlInitializeExceptionChain [0x0x76eec3ab+107]
	RtlClearBits [0x0x76eec32f+191]

2025-06-23 09:27:04,564 - INFO - \u26a0\ufe0f Error parsing job card: Message: no such element: Unable to locate element: {"method":"css selector","selector":".job-company"}
  (Session info: chrome=137.0.7151.120); For documentation on this error, please visit: https://www.selenium.dev/documentation/webdriver/troubleshooting/errors#no-such-element-exception
Stacktrace:
	GetHandleVerifier [0x0xd13b03+62899]
	GetHandleVerifier [0x0xd13b44+62964]
	(No symbol) [0x0xb410f3]
	(No symbol) [0x0xb8980e]
	(No symbol) [0x0xb89bab]
	(No symbol) [0x0xb7ef51]
	(No symbol) [0x0xbae554]
	(No symbol) [0x0xb7ee74]
	(No symbol) [0x0xbae784]
	(No symbol) [0x0xbcfd81]
	(No symbol) [0x0xbae306]
	(No symbol) [0x0xb7d670]
	(No symbol) [0x0xb7e4e4]
	GetHandleVerifier [0x0xf74793+2556483]
	GetHandleVerifier [0x0xf6fd02+2537394]
	GetHandleVerifier [0x0xd3a2fa+220586]
	GetHandleVerifier [0x0xd2aae8+157080]
	GetHandleVerifier [0x0xd3141d+184013]
	GetHandleVerifier [0x0xd1ba68+95512]
	GetHandleVerifier [0x0xd1bc10+95936]
	GetHandleVerifier [0x0xd06b5a+9738]
	BaseThreadInitThunk [0x0x75ab7ba9+25]
	RtlInitializeExceptionChain [0x0x76eec3ab+107]
	RtlClearBits [0x0x76eec32f+191]

2025-06-23 09:27:04,591 - INFO - \u26a0\ufe0f Error parsing job card: Message: no such element: Unable to locate element: {"method":"css selector","selector":".job-company"}
  (Session info: chrome=137.0.7151.120); For documentation on this error, please visit: https://www.selenium.dev/documentation/webdriver/troubleshooting/errors#no-such-element-exception
Stacktrace:
	GetHandleVerifier [0x0xd13b03+62899]
	GetHandleVerifier [0x0xd13b44+62964]
	(No symbol) [0x0xb410f3]
	(No symbol) [0x0xb8980e]
	(No symbol) [0x0xb89bab]
	(No symbol) [0x0xb7ef51]
	(No symbol) [0x0xbae554]
	(No symbol) [0x0xb7ee74]
	(No symbol) [0x0xbae784]
	(No symbol) [0x0xbcfd81]
	(No symbol) [0x0xbae306]
	(No symbol) [0x0xb7d670]
	(No symbol) [0x0xb7e4e4]
	GetHandleVerifier [0x0xf74793+2556483]
	GetHandleVerifier [0x0xf6fd02+2537394]
	GetHandleVerifier [0x0xd3a2fa+220586]
	GetHandleVerifier [0x0xd2aae8+157080]
	GetHandleVerifier [0x0xd3141d+184013]
	GetHandleVerifier [0x0xd1ba68+95512]
	GetHandleVerifier [0x0xd1bc10+95936]
	GetHandleVerifier [0x0xd06b5a+9738]
	BaseThreadInitThunk [0x0x75ab7ba9+25]
	RtlInitializeExceptionChain [0x0x76eec3ab+107]
	RtlClearBits [0x0x76eec32f+191]

2025-06-23 09:27:04,618 - INFO - \u26a0\ufe0f Error parsing job card: Message: no such element: Unable to locate element: {"method":"css selector","selector":".job-company"}
  (Session info: chrome=137.0.7151.120); For documentation on this error, please visit: https://www.selenium.dev/documentation/webdriver/troubleshooting/errors#no-such-element-exception
Stacktrace:
	GetHandleVerifier [0x0xd13b03+62899]
	GetHandleVerifier [0x0xd13b44+62964]
	(No symbol) [0x0xb410f3]
	(No symbol) [0x0xb8980e]
	(No symbol) [0x0xb89bab]
	(No symbol) [0x0xb7ef51]
	(No symbol) [0x0xbae554]
	(No symbol) [0x0xb7ee74]
	(No symbol) [0x0xbae784]
	(No symbol) [0x0xbcfd81]
	(No symbol) [0x0xbae306]
	(No symbol) [0x0xb7d670]
	(No symbol) [0x0xb7e4e4]
	GetHandleVerifier [0x0xf74793+2556483]
	GetHandleVerifier [0x0xf6fd02+2537394]
	GetHandleVerifier [0x0xd3a2fa+220586]
	GetHandleVerifier [0x0xd2aae8+157080]
	GetHandleVerifier [0x0xd3141d+184013]
	GetHandleVerifier [0x0xd1ba68+95512]
	GetHandleVerifier [0x0xd1bc10+95936]
	GetHandleVerifier [0x0xd06b5a+9738]
	BaseThreadInitThunk [0x0x75ab7ba9+25]
	RtlInitializeExceptionChain [0x0x76eec3ab+107]
	RtlClearBits [0x0x76eec32f+191]

2025-06-23 09:27:04,641 - INFO - \u26a0\ufe0f Error parsing job card: Message: no such element: Unable to locate element: {"method":"css selector","selector":".job-company"}
  (Session info: chrome=137.0.7151.120); For documentation on this error, please visit: https://www.selenium.dev/documentation/webdriver/troubleshooting/errors#no-such-element-exception
Stacktrace:
	GetHandleVerifier [0x0xd13b03+62899]
	GetHandleVerifier [0x0xd13b44+62964]
	(No symbol) [0x0xb410f3]
	(No symbol) [0x0xb8980e]
	(No symbol) [0x0xb89bab]
	(No symbol) [0x0xb7ef51]
	(No symbol) [0x0xbae554]
	(No symbol) [0x0xb7ee74]
	(No symbol) [0x0xbae784]
	(No symbol) [0x0xbcfd81]
	(No symbol) [0x0xbae306]
	(No symbol) [0x0xb7d670]
	(No symbol) [0x0xb7e4e4]
	GetHandleVerifier [0x0xf74793+2556483]
	GetHandleVerifier [0x0xf6fd02+2537394]
	GetHandleVerifier [0x0xd3a2fa+220586]
	GetHandleVerifier [0x0xd2aae8+157080]
	GetHandleVerifier [0x0xd3141d+184013]
	GetHandleVerifier [0x0xd1ba68+95512]
	GetHandleVerifier [0x0xd1bc10+95936]
	GetHandleVerifier [0x0xd06b5a+9738]
	BaseThreadInitThunk [0x0x75ab7ba9+25]
	RtlInitializeExceptionChain [0x0x76eec3ab+107]
	RtlClearBits [0x0x76eec32f+191]

2025-06-23 09:27:04,720 - INFO - \u27a1\ufe0f Clicked forward arrow to go to next page.
2025-06-23 09:27:07,721 - INFO - \U0001f4c4 Scraping page 5...
2025-06-23 09:27:07,786 - INFO - \u26a0\ufe0f Error parsing job card: Message: no such element: Unable to locate element: {"method":"css selector","selector":".job-company"}
  (Session info: chrome=137.0.7151.120); For documentation on this error, please visit: https://www.selenium.dev/documentation/webdriver/troubleshooting/errors#no-such-element-exception
Stacktrace:
	GetHandleVerifier [0x0xd13b03+62899]
	GetHandleVerifier [0x0xd13b44+62964]
	(No symbol) [0x0xb410f3]
	(No symbol) [0x0xb8980e]
	(No symbol) [0x0xb89bab]
	(No symbol) [0x0xb7ef51]
	(No symbol) [0x0xbae554]
	(No symbol) [0x0xb7ee74]
	(No symbol) [0x0xbae784]
	(No symbol) [0x0xbcfd81]
	(No symbol) [0x0xbae306]
	(No symbol) [0x0xb7d670]
	(No symbol) [0x0xb7e4e4]
	GetHandleVerifier [0x0xf74793+2556483]
	GetHandleVerifier [0x0xf6fd02+2537394]
	GetHandleVerifier [0x0xd3a2fa+220586]
	GetHandleVerifier [0x0xd2aae8+157080]
	GetHandleVerifier [0x0xd3141d+184013]
	GetHandleVerifier [0x0xd1ba68+95512]
	GetHandleVerifier [0x0xd1bc10+95936]
	GetHandleVerifier [0x0xd06b5a+9738]
	BaseThreadInitThunk [0x0x75ab7ba9+25]
	RtlInitializeExceptionChain [0x0x76eec3ab+107]
	RtlClearBits [0x0x76eec32f+191]

2025-06-23 09:27:07,816 - INFO - \u26a0\ufe0f Error parsing job card: Message: no such element: Unable to locate element: {"method":"css selector","selector":".job-company"}
  (Session info: chrome=137.0.7151.120); For documentation on this error, please visit: https://www.selenium.dev/documentation/webdriver/troubleshooting/errors#no-such-element-exception
Stacktrace:
	GetHandleVerifier [0x0xd13b03+62899]
	GetHandleVerifier [0x0xd13b44+62964]
	(No symbol) [0x0xb410f3]
	(No symbol) [0x0xb8980e]
	(No symbol) [0x0xb89bab]
	(No symbol) [0x0xb7ef51]
	(No symbol) [0x0xbae554]
	(No symbol) [0x0xb7ee74]
	(No symbol) [0x0xbae784]
	(No symbol) [0x0xbcfd81]
	(No symbol) [0x0xbae306]
	(No symbol) [0x0xb7d670]
	(No symbol) [0x0xb7e4e4]
	GetHandleVerifier [0x0xf74793+2556483]
	GetHandleVerifier [0x0xf6fd02+2537394]
	GetHandleVerifier [0x0xd3a2fa+220586]
	GetHandleVerifier [0x0xd2aae8+157080]
	GetHandleVerifier [0x0xd3141d+184013]
	GetHandleVerifier [0x0xd1ba68+95512]
	GetHandleVerifier [0x0xd1bc10+95936]
	GetHandleVerifier [0x0xd06b5a+9738]
	BaseThreadInitThunk [0x0x75ab7ba9+25]
	RtlInitializeExceptionChain [0x0x76eec3ab+107]
	RtlClearBits [0x0x76eec32f+191]

2025-06-23 09:27:07,845 - INFO - \u26a0\ufe0f Error parsing job card: Message: no such element: Unable to locate element: {"method":"css selector","selector":".job-company"}
  (Session info: chrome=137.0.7151.120); For documentation on this error, please visit: https://www.selenium.dev/documentation/webdriver/troubleshooting/errors#no-such-element-exception
Stacktrace:
	GetHandleVerifier [0x0xd13b03+62899]
	GetHandleVerifier [0x0xd13b44+62964]
	(No symbol) [0x0xb410f3]
	(No symbol) [0x0xb8980e]
	(No symbol) [0x0xb89bab]
	(No symbol) [0x0xb7ef51]
	(No symbol) [0x0xbae554]
	(No symbol) [0x0xb7ee74]
	(No symbol) [0x0xbae784]
	(No symbol) [0x0xbcfd81]
	(No symbol) [0x0xbae306]
	(No symbol) [0x0xb7d670]
	(No symbol) [0x0xb7e4e4]
	GetHandleVerifier [0x0xf74793+2556483]
	GetHandleVerifier [0x0xf6fd02+2537394]
	GetHandleVerifier [0x0xd3a2fa+220586]
	GetHandleVerifier [0x0xd2aae8+157080]
	GetHandleVerifier [0x0xd3141d+184013]
	GetHandleVerifier [0x0xd1ba68+95512]
	GetHandleVerifier [0x0xd1bc10+95936]
	GetHandleVerifier [0x0xd06b5a+9738]
	BaseThreadInitThunk [0x0x75ab7ba9+25]
	RtlInitializeExceptionChain [0x0x76eec3ab+107]
	RtlClearBits [0x0x76eec32f+191]

2025-06-23 09:27:07,870 - INFO - \u26a0\ufe0f Error parsing job card: Message: no such element: Unable to locate element: {"method":"css selector","selector":".job-company"}
  (Session info: chrome=137.0.7151.120); For documentation on this error, please visit: https://www.selenium.dev/documentation/webdriver/troubleshooting/errors#no-such-element-exception
Stacktrace:
	GetHandleVerifier [0x0xd13b03+62899]
	GetHandleVerifier [0x0xd13b44+62964]
	(No symbol) [0x0xb410f3]
	(No symbol) [0x0xb8980e]
	(No symbol) [0x0xb89bab]
	(No symbol) [0x0xb7ef51]
	(No symbol) [0x0xbae554]
	(No symbol) [0x0xb7ee74]
	(No symbol) [0x0xbae784]
	(No symbol) [0x0xbcfd81]
	(No symbol) [0x0xbae306]
	(No symbol) [0x0xb7d670]
	(No symbol) [0x0xb7e4e4]
	GetHandleVerifier [0x0xf74793+2556483]
	GetHandleVerifier [0x0xf6fd02+2537394]
	GetHandleVerifier [0x0xd3a2fa+220586]
	GetHandleVerifier [0x0xd2aae8+157080]
	GetHandleVerifier [0x0xd3141d+184013]
	GetHandleVerifier [0x0xd1ba68+95512]
	GetHandleVerifier [0x0xd1bc10+95936]
	GetHandleVerifier [0x0xd06b5a+9738]
	BaseThreadInitThunk [0x0x75ab7ba9+25]
	RtlInitializeExceptionChain [0x0x76eec3ab+107]
	RtlClearBits [0x0x76eec32f+191]

2025-06-23 09:27:07,891 - INFO - \u26a0\ufe0f Error parsing job card: Message: no such element: Unable to locate element: {"method":"css selector","selector":".job-company"}
  (Session info: chrome=137.0.7151.120); For documentation on this error, please visit: https://www.selenium.dev/documentation/webdriver/troubleshooting/errors#no-such-element-exception
Stacktrace:
	GetHandleVerifier [0x0xd13b03+62899]
	GetHandleVerifier [0x0xd13b44+62964]
	(No symbol) [0x0xb410f3]
	(No symbol) [0x0xb8980e]
	(No symbol) [0x0xb89bab]
	(No symbol) [0x0xb7ef51]
	(No symbol) [0x0xbae554]
	(No symbol) [0x0xb7ee74]
	(No symbol) [0x0xbae784]
	(No symbol) [0x0xbcfd81]
	(No symbol) [0x0xbae306]
	(No symbol) [0x0xb7d670]
	(No symbol) [0x0xb7e4e4]
	GetHandleVerifier [0x0xf74793+2556483]
	GetHandleVerifier [0x0xf6fd02+2537394]
	GetHandleVerifier [0x0xd3a2fa+220586]
	GetHandleVerifier [0x0xd2aae8+157080]
	GetHandleVerifier [0x0xd3141d+184013]
	GetHandleVerifier [0x0xd1ba68+95512]
	GetHandleVerifier [0x0xd1bc10+95936]
	GetHandleVerifier [0x0xd06b5a+9738]
	BaseThreadInitThunk [0x0x75ab7ba9+25]
	RtlInitializeExceptionChain [0x0x76eec3ab+107]
	RtlClearBits [0x0x76eec32f+191]

2025-06-23 09:27:07,914 - INFO - \u26a0\ufe0f Error parsing job card: Message: no such element: Unable to locate element: {"method":"css selector","selector":".job-company"}
  (Session info: chrome=137.0.7151.120); For documentation on this error, please visit: https://www.selenium.dev/documentation/webdriver/troubleshooting/errors#no-such-element-exception
Stacktrace:
	GetHandleVerifier [0x0xd13b03+62899]
	GetHandleVerifier [0x0xd13b44+62964]
	(No symbol) [0x0xb410f3]
	(No symbol) [0x0xb8980e]
	(No symbol) [0x0xb89bab]
	(No symbol) [0x0xb7ef51]
	(No symbol) [0x0xbae554]
	(No symbol) [0x0xb7ee74]
	(No symbol) [0x0xbae784]
	(No symbol) [0x0xbcfd81]
	(No symbol) [0x0xbae306]
	(No symbol) [0x0xb7d670]
	(No symbol) [0x0xb7e4e4]
	GetHandleVerifier [0x0xf74793+2556483]
	GetHandleVerifier [0x0xf6fd02+2537394]
	GetHandleVerifier [0x0xd3a2fa+220586]
	GetHandleVerifier [0x0xd2aae8+157080]
	GetHandleVerifier [0x0xd3141d+184013]
	GetHandleVerifier [0x0xd1ba68+95512]
	GetHandleVerifier [0x0xd1bc10+95936]
	GetHandleVerifier [0x0xd06b5a+9738]
	BaseThreadInitThunk [0x0x75ab7ba9+25]
	RtlInitializeExceptionChain [0x0x76eec3ab+107]
	RtlClearBits [0x0x76eec32f+191]

2025-06-23 09:27:08,005 - INFO - \u26a0\ufe0f Error parsing job card: Message: no such element: Unable to locate element: {"method":"css selector","selector":".job-company"}
  (Session info: chrome=137.0.7151.120); For documentation on this error, please visit: https://www.selenium.dev/documentation/webdriver/troubleshooting/errors#no-such-element-exception
Stacktrace:
	GetHandleVerifier [0x0xd13b03+62899]
	GetHandleVerifier [0x0xd13b44+62964]
	(No symbol) [0x0xb410f3]
	(No symbol) [0x0xb8980e]
	(No symbol) [0x0xb89bab]
	(No symbol) [0x0xb7ef51]
	(No symbol) [0x0xbae554]
	(No symbol) [0x0xb7ee74]
	(No symbol) [0x0xbae784]
	(No symbol) [0x0xbcfd81]
	(No symbol) [0x0xbae306]
	(No symbol) [0x0xb7d670]
	(No symbol) [0x0xb7e4e4]
	GetHandleVerifier [0x0xf74793+2556483]
	GetHandleVerifier [0x0xf6fd02+2537394]
	GetHandleVerifier [0x0xd3a2fa+220586]
	GetHandleVerifier [0x0xd2aae8+157080]
	GetHandleVerifier [0x0xd3141d+184013]
	GetHandleVerifier [0x0xd1ba68+95512]
	GetHandleVerifier [0x0xd1bc10+95936]
	GetHandleVerifier [0x0xd06b5a+9738]
	BaseThreadInitThunk [0x0x75ab7ba9+25]
	RtlInitializeExceptionChain [0x0x76eec3ab+107]
	RtlClearBits [0x0x76eec32f+191]

2025-06-23 09:27:08,032 - INFO - \u26a0\ufe0f Error parsing job card: Message: no such element: Unable to locate element: {"method":"css selector","selector":".job-company"}
  (Session info: chrome=137.0.7151.120); For documentation on this error, please visit: https://www.selenium.dev/documentation/webdriver/troubleshooting/errors#no-such-element-exception
Stacktrace:
	GetHandleVerifier [0x0xd13b03+62899]
	GetHandleVerifier [0x0xd13b44+62964]
	(No symbol) [0x0xb410f3]
	(No symbol) [0x0xb8980e]
	(No symbol) [0x0xb89bab]
	(No symbol) [0x0xb7ef51]
	(No symbol) [0x0xbae554]
	(No symbol) [0x0xb7ee74]
	(No symbol) [0x0xbae784]
	(No symbol) [0x0xbcfd81]
	(No symbol) [0x0xbae306]
	(No symbol) [0x0xb7d670]
	(No symbol) [0x0xb7e4e4]
	GetHandleVerifier [0x0xf74793+2556483]
	GetHandleVerifier [0x0xf6fd02+2537394]
	GetHandleVerifier [0x0xd3a2fa+220586]
	GetHandleVerifier [0x0xd2aae8+157080]
	GetHandleVerifier [0x0xd3141d+184013]
	GetHandleVerifier [0x0xd1ba68+95512]
	GetHandleVerifier [0x0xd1bc10+95936]
	GetHandleVerifier [0x0xd06b5a+9738]
	BaseThreadInitThunk [0x0x75ab7ba9+25]
	RtlInitializeExceptionChain [0x0x76eec3ab+107]
	RtlClearBits [0x0x76eec32f+191]

2025-06-23 09:27:08,058 - INFO - \u26a0\ufe0f Error parsing job card: Message: no such element: Unable to locate element: {"method":"css selector","selector":".job-company"}
  (Session info: chrome=137.0.7151.120); For documentation on this error, please visit: https://www.selenium.dev/documentation/webdriver/troubleshooting/errors#no-such-element-exception
Stacktrace:
	GetHandleVerifier [0x0xd13b03+62899]
	GetHandleVerifier [0x0xd13b44+62964]
	(No symbol) [0x0xb410f3]
	(No symbol) [0x0xb8980e]
	(No symbol) [0x0xb89bab]
	(No symbol) [0x0xb7ef51]
	(No symbol) [0x0xbae554]
	(No symbol) [0x0xb7ee74]
	(No symbol) [0x0xbae784]
	(No symbol) [0x0xbcfd81]
	(No symbol) [0x0xbae306]
	(No symbol) [0x0xb7d670]
	(No symbol) [0x0xb7e4e4]
	GetHandleVerifier [0x0xf74793+2556483]
	GetHandleVerifier [0x0xf6fd02+2537394]
	GetHandleVerifier [0x0xd3a2fa+220586]
	GetHandleVerifier [0x0xd2aae8+157080]
	GetHandleVerifier [0x0xd3141d+184013]
	GetHandleVerifier [0x0xd1ba68+95512]
	GetHandleVerifier [0x0xd1bc10+95936]
	GetHandleVerifier [0x0xd06b5a+9738]
	BaseThreadInitThunk [0x0x75ab7ba9+25]
	RtlInitializeExceptionChain [0x0x76eec3ab+107]
	RtlClearBits [0x0x76eec32f+191]

2025-06-23 09:27:08,083 - INFO - \u26a0\ufe0f Error parsing job card: Message: no such element: Unable to locate element: {"method":"css selector","selector":".job-company"}
  (Session info: chrome=137.0.7151.120); For documentation on this error, please visit: https://www.selenium.dev/documentation/webdriver/troubleshooting/errors#no-such-element-exception
Stacktrace:
	GetHandleVerifier [0x0xd13b03+62899]
	GetHandleVerifier [0x0xd13b44+62964]
	(No symbol) [0x0xb410f3]
	(No symbol) [0x0xb8980e]
	(No symbol) [0x0xb89bab]
	(No symbol) [0x0xb7ef51]
	(No symbol) [0x0xbae554]
	(No symbol) [0x0xb7ee74]
	(No symbol) [0x0xbae784]
	(No symbol) [0x0xbcfd81]
	(No symbol) [0x0xbae306]
	(No symbol) [0x0xb7d670]
	(No symbol) [0x0xb7e4e4]
	GetHandleVerifier [0x0xf74793+2556483]
	GetHandleVerifier [0x0xf6fd02+2537394]
	GetHandleVerifier [0x0xd3a2fa+220586]
	GetHandleVerifier [0x0xd2aae8+157080]
	GetHandleVerifier [0x0xd3141d+184013]
	GetHandleVerifier [0x0xd1ba68+95512]
	GetHandleVerifier [0x0xd1bc10+95936]
	GetHandleVerifier [0x0xd06b5a+9738]
	BaseThreadInitThunk [0x0x75ab7ba9+25]
	RtlInitializeExceptionChain [0x0x76eec3ab+107]
	RtlClearBits [0x0x76eec32f+191]

2025-06-23 09:27:08,157 - INFO - \u27a1\ufe0f Clicked forward arrow to go to next page.
2025-06-23 09:27:10,087 - INFO - \U0001f3c1 Scraping finished at 2025-06-23 09:27:10 (Duration: 24.69 seconds)
2025-06-23 10:04:05,442 - INFO - \U0001f680 Scraping started at 2025-06-23 10:04:05
2025-06-23 10:04:07,930 - INFO - patching driver executable C:\Users\jimoh\appdata\roaming\undetected_chromedriver\undetected_chromedriver.exe
2025-06-23 10:04:14,362 - INFO - \U0001f310 Navigated to https://conspicuous.com/jobs/
2025-06-23 10:04:15,443 - INFO - \u2705 Job listings loaded successfully.
2025-06-23 10:04:15,444 - INFO - \U0001f4c4 On page 1 (scraping logic can be added here)
2025-06-23 10:04:15,602 - INFO - \u27a1\ufe0f Clicked forward arrow to go to next page.
2025-06-23 10:04:18,627 - INFO - \U0001f4c4 On page 2 (scraping logic can be added here)
2025-06-23 10:04:18,760 - INFO - \u27a1\ufe0f Clicked forward arrow to go to next page.
2025-06-23 10:04:21,785 - INFO - \U0001f4c4 On page 3 (scraping logic can be added here)
2025-06-23 10:04:22,244 - INFO - \u27a1\ufe0f Clicked forward arrow to go to next page.
2025-06-23 10:04:25,280 - INFO - \U0001f4c4 On page 4 (scraping logic can be added here)
2025-06-23 10:04:25,378 - INFO - \u27a1\ufe0f Clicked forward arrow to go to next page.
2025-06-23 10:04:28,436 - INFO - \U0001f4c4 On page 5 (scraping logic can be added here)
2025-06-23 10:04:28,553 - INFO - \u27a1\ufe0f Clicked forward arrow to go to next page.
2025-06-23 10:04:31,600 - INFO - \U0001f4c4 On page 6 (scraping logic can be added here)
2025-06-23 10:04:31,693 - INFO - \u27a1\ufe0f Clicked forward arrow to go to next page.
2025-06-23 10:04:34,730 - INFO - \U0001f4c4 On page 7 (scraping logic can be added here)
2025-06-23 10:04:34,816 - INFO - \u27a1\ufe0f Clicked forward arrow to go to next page.
2025-06-23 10:04:37,841 - INFO - \U0001f4c4 On page 8 (scraping logic can be added here)
2025-06-23 10:04:37,974 - INFO - \u27a1\ufe0f Clicked forward arrow to go to next page.
2025-06-23 10:04:40,999 - INFO - \U0001f4c4 On page 9 (scraping logic can be added here)
2025-06-23 10:04:41,109 - INFO - \u27a1\ufe0f Clicked forward arrow to go to next page.
2025-06-23 10:04:44,134 - INFO - \U0001f4c4 On page 10 (scraping logic can be added here)
2025-06-23 10:04:44,250 - INFO - \u27a1\ufe0f Clicked forward arrow to go to next page.
2025-06-23 10:04:47,265 - INFO - \U0001f4c4 On page 11 (scraping logic can be added here)
2025-06-23 10:04:47,360 - INFO - \u27a1\ufe0f Clicked forward arrow to go to next page.
2025-06-23 10:04:50,385 - INFO - \U0001f4c4 On page 12 (scraping logic can be added here)
2025-06-23 10:04:50,478 - INFO - \u27a1\ufe0f Clicked forward arrow to go to next page.
2025-06-23 10:04:53,507 - INFO - \U0001f4c4 On page 13 (scraping logic can be added here)
2025-06-23 10:04:53,606 - INFO - \u27a1\ufe0f Clicked forward arrow to go to next page.
2025-06-23 10:04:56,641 - INFO - \U0001f4c4 On page 14 (scraping logic can be added here)
2025-06-23 10:04:56,765 - INFO - \u27a1\ufe0f Clicked forward arrow to go to next page.
2025-06-23 10:05:00,035 - INFO - \U0001f4c4 On page 15 (scraping logic can be added here)
2025-06-23 10:05:00,147 - INFO - \u27a1\ufe0f Clicked forward arrow to go to next page.
2025-06-23 10:05:03,173 - INFO - \U0001f4c4 On page 16 (scraping logic can be added here)
2025-06-23 10:05:03,296 - INFO - \u27a1\ufe0f Clicked forward arrow to go to next page.
2025-06-23 10:05:06,319 - INFO - \U0001f4c4 On page 17 (scraping logic can be added here)
2025-06-23 10:05:06,431 - INFO - \u27a1\ufe0f Clicked forward arrow to go to next page.
2025-06-23 10:05:09,457 - INFO - \U0001f4c4 On page 18 (scraping logic can be added here)
2025-06-23 10:05:09,560 - INFO - \u27a1\ufe0f Clicked forward arrow to go to next page.
2025-06-23 10:05:12,580 - INFO - \U0001f4c4 On page 19 (scraping logic can be added here)
2025-06-23 10:05:12,681 - INFO - \u27a1\ufe0f Clicked forward arrow to go to next page.
2025-06-23 10:05:15,708 - INFO - \U0001f4c4 On page 20 (scraping logic can be added here)
2025-06-23 10:05:15,806 - INFO - \u27a1\ufe0f Clicked forward arrow to go to next page.
2025-06-23 10:05:18,833 - INFO - \U0001f4c4 On page 21 (scraping logic can be added here)
2025-06-23 10:05:18,944 - INFO - \u27a1\ufe0f Clicked forward arrow to go to next page.
2025-06-23 10:05:21,964 - INFO - \U0001f4c4 On page 22 (scraping logic can be added here)
2025-06-23 10:05:22,068 - INFO - \u27a1\ufe0f Clicked forward arrow to go to next page.
2025-06-23 10:05:25,136 - INFO - \U0001f4c4 On page 23 (scraping logic can be added here)
2025-06-23 10:05:25,498 - INFO - \u27a1\ufe0f Clicked forward arrow to go to next page.
2025-06-23 10:05:28,516 - INFO - \U0001f4c4 On page 24 (scraping logic can be added here)
2025-06-23 10:05:28,616 - INFO - \u27a1\ufe0f Clicked forward arrow to go to next page.
2025-06-23 10:05:31,645 - INFO - \U0001f4c4 On page 25 (scraping logic can be added here)
2025-06-23 10:05:31,751 - INFO - \u27a1\ufe0f Clicked forward arrow to go to next page.
2025-06-23 10:05:34,770 - INFO - \U0001f4c4 On page 26 (scraping logic can be added here)
2025-06-23 10:05:34,892 - INFO - \u27a1\ufe0f Clicked forward arrow to go to next page.
2025-06-23 10:05:37,914 - INFO - \U0001f4c4 On page 27 (scraping logic can be added here)
2025-06-23 10:05:38,027 - INFO - \u27a1\ufe0f Clicked forward arrow to go to next page.
2025-06-23 10:05:41,049 - INFO - \U0001f4c4 On page 28 (scraping logic can be added here)
2025-06-23 10:05:41,168 - INFO - \u27a1\ufe0f Clicked forward arrow to go to next page.
2025-06-23 10:05:44,185 - INFO - \U0001f4c4 On page 29 (scraping logic can be added here)
2025-06-23 10:05:44,300 - INFO - \u27a1\ufe0f Clicked forward arrow to go to next page.
2025-06-23 10:05:47,333 - INFO - \U0001f4c4 On page 30 (scraping logic can be added here)
2025-06-23 10:05:47,356 - INFO - \U0001f6d1 No forward arrow found; last page reached.
2025-06-23 10:05:47,356 - INFO - \u2705 Pagination complete.
2025-06-23 10:05:47,980 - INFO - \U0001f3c1 Scraping finished at 2025-06-23 10:05:47 (Duration: 102.54 seconds)
