2025-07-02 17:21:51,940 - INFO - \U0001f680 Scraping started at 2025-07-02 17:21:51
2025-07-02 17:21:54,352 - INFO - patching driver executable C:\Users\jimoh\appdata\roaming\undetected_chromedriver\undetected_chromedriver.exe
2025-07-02 17:21:59,181 - INFO - \U0001f310 Navigated to the website page.
2025-07-02 17:22:01,543 - INFO - \u2705 All Shows section loaded successfully.
2025-07-02 17:22:01,554 - INFO - \u274c Fatal error in scraping function: 'list' object has no attribute 'click'
2025-07-02 17:22:01,752 - INFO - \u2705 Scraping finished at 2025-07-02 17:22:01 (Duration: 9.81 seconds)
2025-07-02 17:23:21,120 - INFO - \U0001f680 Scraping started at 2025-07-02 17:23:21
2025-07-02 17:23:23,128 - INFO - patching driver executable C:\Users\jimoh\appdata\roaming\undetected_chromedriver\undetected_chromedriver.exe
2025-07-02 17:23:29,119 - INFO - \U0001f310 Navigated to the website page.
2025-07-02 17:23:31,709 - INFO - \u2705 All Shows section loaded successfully.
2025-07-02 17:23:31,735 - INFO - \u274c Fatal error in scraping function: Message: invalid selector: Unable to locate an element with the xpath expression (//div[@id='reference-9=linkList']//div[2] because of the following error:
SyntaxError: Failed to execute 'evaluate' on 'Document': The string '(//div[@id='reference-9=linkList']//div[2]' is not a valid XPath expression.
  (Session info: chrome=138.0.7204.50); For documentation on this error, please visit: https://www.selenium.dev/documentation/webdriver/troubleshooting/errors#invalid-selector-exception
Stacktrace:
	GetHandleVerifier [0x0x314553+62419]
	GetHandleVerifier [0x0x314594+62484]
	(No symbol) [0x0x152133]
	(No symbol) [0x0x158909]
	(No symbol) [0x0x15ac7a]
	(No symbol) [0x0x15acf7]
	(No symbol) [0x0x19a194]
	(No symbol) [0x0x19ac9b]
	(No symbol) [0x0x1e308c]
	(No symbol) [0x0x1bf4b4]
	(No symbol) [0x0x1e087a]
	(No symbol) [0x0x1bf266]
	(No symbol) [0x0x18e852]
	(No symbol) [0x0x18f6f4]
	GetHandleVerifier [0x0x584833+2619059]
	GetHandleVerifier [0x0x57fc4a+2599626]
	GetHandleVerifier [0x0x33b0fa+221050]
	GetHandleVerifier [0x0x32b378+156152]
	GetHandleVerifier [0x0x331d2d+183213]
	GetHandleVerifier [0x0x31c438+94904]
	GetHandleVerifier [0x0x31c5c2+95298]
	GetHandleVerifier [0x0x30771a+9626]
	BaseThreadInitThunk [0x0x76f97ba9+25]
	RtlInitializeExceptionChain [0x0x77b1c3ab+107]
	RtlClearBits [0x0x77b1c32f+191]
	(No symbol) [0x0]

2025-07-02 17:23:31,936 - INFO - \u2705 Scraping finished at 2025-07-02 17:23:31 (Duration: 10.82 seconds)
2025-07-02 17:25:45,553 - INFO - \U0001f680 Scraping started at 2025-07-02 17:25:45
2025-07-02 17:25:47,673 - INFO - patching driver executable C:\Users\jimoh\appdata\roaming\undetected_chromedriver\undetected_chromedriver.exe
2025-07-02 17:25:57,491 - INFO - \U0001f310 Navigated to the website page.
2025-07-02 17:26:01,457 - INFO - \u2705 All Shows section loaded successfully.
2025-07-02 17:26:01,480 - INFO - \u274c Fatal error in scraping function: 'list' object has no attribute 'click'
2025-07-02 17:26:01,784 - INFO - \u2705 Scraping finished at 2025-07-02 17:26:01 (Duration: 16.23 seconds)
2025-07-02 17:27:48,013 - INFO - \U0001f680 Scraping started at 2025-07-02 17:27:48
2025-07-02 17:27:50,327 - INFO - patching driver executable C:\Users\jimoh\appdata\roaming\undetected_chromedriver\undetected_chromedriver.exe
2025-07-02 17:27:56,104 - INFO - \U0001f310 Navigated to the website page.
2025-07-02 17:27:59,476 - INFO - \u2705 All Shows section loaded successfully.
2025-07-02 17:27:59,488 - INFO - \u274c Fatal error in scraping function: 'list' object has no attribute 'click'
2025-07-02 17:27:59,695 - INFO - \u2705 Scraping finished at 2025-07-02 17:27:59 (Duration: 11.68 seconds)
2025-07-02 17:28:47,687 - INFO - \U0001f680 Scraping started at 2025-07-02 17:28:47
2025-07-02 17:28:49,602 - INFO - patching driver executable C:\Users\jimoh\appdata\roaming\undetected_chromedriver\undetected_chromedriver.exe
2025-07-02 17:28:54,331 - INFO - \U0001f310 Navigated to the website page.
2025-07-02 17:28:58,011 - INFO - \u2705 All Shows section loaded successfully.
2025-07-02 17:29:03,965 - INFO - \U0001f517 Clicked on 'All Shows' link.
2025-07-02 17:29:03,966 - INFO - \U0001f6cc Browser closed.
2025-07-02 17:29:04,424 - INFO - \u2705 Scraping finished at 2025-07-02 17:29:04 (Duration: 16.74 seconds)
2025-07-07 09:17:36,196 - INFO - \U0001f680 Scraping started at 2025-07-07 09:17:36
2025-07-07 09:17:38,933 - INFO - patching driver executable C:\Users\jimoh\appdata\roaming\undetected_chromedriver\undetected_chromedriver.exe
2025-07-07 09:17:43,801 - INFO - \u2705 Scraping finished at 2025-07-07 09:17:43 (Duration: 7.60 seconds)
